# JRE version: OpenJDK Runtime Environment (8.0_202) (build 1.8.0_202-release-1483-b49-5587405)
# Java VM: OpenJDK 64-Bit Server VM (25.202-b49-5587405 mixed mode linux-amd64 compressed oops)
Heap:
 PSYoungGen      total 227328K, used 27633K [0x00000000e0000000, 0x00000000efe80000, 0x0000000100000000)
  eden space 199680K, 0% used [0x00000000e0000000,0x00000000e0000000,0x00000000ec300000)
  from space 27648K, 99% used [0x00000000ec300000,0x00000000eddfc778,0x00000000ede00000)
  to   space 23040K, 0% used [0x00000000ede00000,0x00000000ede00000,0x00000000ef480000)
 ParOldGen       total 151040K, used 76204K [0x00000000a0000000, 0x00000000a9380000, 0x00000000e0000000)
  object space 151040K, 50% used [0x00000000a0000000,0x00000000a4a6b3c0,0x00000000a9380000)
 Metaspace       used 68160K, capacity 70264K, committed 70548K, reserved 1110016K
  class space    used 8850K, capacity 9343K, committed 9404K, reserved 1048576K
GC Heap History (10 events):
Event: 7.382 GC heap after
Heap after GC invocations=11 (full 2):
 PSYoungGen      total 159744K, used 13824K [0x00000000e0000000, 0x00000000ed280000, 0x0000000100000000)
  eden space 145920K, 0% used [0x00000000e0000000,0x00000000e0000000,0x00000000e8e80000)
  from space 13824K, 100% used [0x00000000e8e80000,0x00000000e9c00000,0x00000000e9c00000)
  to   space 17408K, 0% used [0x00000000ec180000,0x00000000ec180000,0x00000000ed280000)
 ParOldGen       total 97792K, used 22633K [0x00000000a0000000, 0x00000000a5f80000, 0x00000000e0000000)
  object space 97792K, 23% used [0x00000000a0000000,0x00000000a161a710,0x00000000a5f80000)
 Metaspace       used 47125K, capacity 48322K, committed 48728K, reserved 1091584K
  class space    used 6332K, capacity 6688K, committed 6784K, reserved 1048576K
}
Event: 9.198 GC heap before
{Heap before GC invocations=12 (full 2):
 PSYoungGen      total 159744K, used 134746K [0x00000000e0000000, 0x00000000ed280000, 0x0000000100000000)
  eden space 145920K, 82% used [0x00000000e0000000,0x00000000e7616970,0x00000000e8e80000)
  from space 13824K, 100% used [0x00000000e8e80000,0x00000000e9c00000,0x00000000e9c00000)
  to   space 17408K, 0% used [0x00000000ec180000,0x00000000ec180000,0x00000000ed280000)
 ParOldGen       total 97792K, used 22633K [0x00000000a0000000, 0x00000000a5f80000, 0x00000000e0000000)
  object space 97792K, 23% used [0x00000000a0000000,0x00000000a161a710,0x00000000a5f80000)
 Metaspace       used 57445K, capacity 59000K, committed 59028K, reserved 1099776K
  class space    used 7715K, capacity 8103K, committed 8124K, reserved 1048576K
Event: 9.220 GC heap after
Heap after GC invocations=12 (full 2):
 PSYoungGen      total 194048K, used 17394K [0x00000000e0000000, 0x00000000ed880000, 0x0000000100000000)
  eden space 176640K, 0% used [0x00000000e0000000,0x00000000e0000000,0x00000000eac80000)
  from space 17408K, 99% used [0x00000000ec180000,0x00000000ed27c9c0,0x00000000ed280000)
  to   space 21504K, 0% used [0x00000000eac80000,0x00000000eac80000,0x00000000ec180000)
 ParOldGen       total 97792K, used 27758K [0x00000000a0000000, 0x00000000a5f80000, 0x00000000e0000000)
  object space 97792K, 28% used [0x00000000a0000000,0x00000000a1b1bbd0,0x00000000a5f80000)
 Metaspace       used 57445K, capacity 59000K, committed 59028K, reserved 1099776K
  class space    used 7715K, capacity 8103K, committed 8124K, reserved 1048576K
}
Event: 9.220 GC heap before
{Heap before GC invocations=13 (full 3):
 PSYoungGen      total 194048K, used 17394K [0x00000000e0000000, 0x00000000ed880000, 0x0000000100000000)
  eden space 176640K, 0% used [0x00000000e0000000,0x00000000e0000000,0x00000000eac80000)
  from space 17408K, 99% used [0x00000000ec180000,0x00000000ed27c9c0,0x00000000ed280000)
  to   space 21504K, 0% used [0x00000000eac80000,0x00000000eac80000,0x00000000ec180000)
 ParOldGen       total 97792K, used 27758K [0x00000000a0000000, 0x00000000a5f80000, 0x00000000e0000000)
  object space 97792K, 28% used [0x00000000a0000000,0x00000000a1b1bbd0,0x00000000a5f80000)
 Metaspace       used 57445K, capacity 59000K, committed 59028K, reserved 1099776K
  class space    used 7715K, capacity 8103K, committed 8124K, reserved 1048576K
Event: 9.461 GC heap after
Heap after GC invocations=13 (full 3):
 PSYoungGen      total 194048K, used 0K [0x00000000e0000000, 0x00000000ed880000, 0x0000000100000000)
  eden space 176640K, 0% used [0x00000000e0000000,0x00000000e0000000,0x00000000eac80000)
  from space 17408K, 0% used [0x00000000ec180000,0x00000000ec180000,0x00000000ed280000)
  to   space 21504K, 0% used [0x00000000eac80000,0x00000000eac80000,0x00000000ec180000)
 ParOldGen       total 151040K, used 38600K [0x00000000a0000000, 0x00000000a9380000, 0x00000000e0000000)
  object space 151040K, 25% used [0x00000000a0000000,0x00000000a25b2390,0x00000000a9380000)
 Metaspace       used 57445K, capacity 59000K, committed 59028K, reserved 1099776K
  class space    used 7715K, capacity 8103K, committed 8124K, reserved 1048576K
}
Event: 20.837 GC heap before
{Heap before GC invocations=14 (full 3):
 PSYoungGen      total 194048K, used 176640K [0x00000000e0000000, 0x00000000ed880000, 0x0000000100000000)
  eden space 176640K, 100% used [0x00000000e0000000,0x00000000eac80000,0x00000000eac80000)
  from space 17408K, 0% used [0x00000000ec180000,0x00000000ec180000,0x00000000ed280000)
  to   space 21504K, 0% used [0x00000000eac80000,0x00000000eac80000,0x00000000ec180000)
 ParOldGen       total 151040K, used 38600K [0x00000000a0000000, 0x00000000a9380000, 0x00000000e0000000)
  object space 151040K, 25% used [0x00000000a0000000,0x00000000a25b2390,0x00000000a9380000)
 Metaspace       used 64271K, capacity 66174K, committed 66196K, reserved 1105920K
  class space    used 8464K, capacity 8888K, committed 8892K, reserved 1048576K
Event: 20.858 GC heap after
Heap after GC invocations=14 (full 3):
 PSYoungGen      total 198144K, used 16670K [0x00000000e0000000, 0x00000000ef480000, 0x0000000100000000)
  eden space 176640K, 0% used [0x00000000e0000000,0x00000000e0000000,0x00000000eac80000)
  from space 21504K, 77% used [0x00000000eac80000,0x00000000ebcc78b8,0x00000000ec180000)
  to   space 23040K, 0% used [0x00000000ede00000,0x00000000ede00000,0x00000000ef480000)
 ParOldGen       total 151040K, used 38608K [0x00000000a0000000, 0x00000000a9380000, 0x00000000e0000000)
  object space 151040K, 25% used [0x00000000a0000000,0x00000000a25b4390,0x00000000a9380000)
 Metaspace       used 64271K, capacity 66174K, committed 66196K, reserved 1105920K
  class space    used 8464K, capacity 8888K, committed 8892K, reserved 1048576K
}
Event: 23.169 GC heap before
{Heap before GC invocations=15 (full 3):
 PSYoungGen      total 198144K, used 193310K [0x00000000e0000000, 0x00000000ef480000, 0x0000000100000000)
  eden space 176640K, 100% used [0x00000000e0000000,0x00000000eac80000,0x00000000eac80000)
  from space 21504K, 77% used [0x00000000eac80000,0x00000000ebcc78b8,0x00000000ec180000)
  to   space 23040K, 0% used [0x00000000ede00000,0x00000000ede00000,0x00000000ef480000)
 ParOldGen       total 151040K, used 38608K [0x00000000a0000000, 0x00000000a9380000, 0x00000000e0000000)
  object space 151040K, 25% used [0x00000000a0000000,0x00000000a25b4390,0x00000000a9380000)
 Metaspace       used 67069K, capacity 69046K, committed 69396K, reserved 1110016K
  class space    used 8742K, capacity 9154K, committed 9276K, reserved 1048576K
Event: 23.210 GC heap after
Heap after GC invocations=15 (full 3):
 PSYoungGen      total 222720K, used 23009K [0x00000000e0000000, 0x00000000efe80000, 0x0000000100000000)
  eden space 199680K, 0% used [0x00000000e0000000,0x00000000e0000000,0x00000000ec300000)
  from space 23040K, 99% used [0x00000000ede00000,0x00000000ef478708,0x00000000ef480000)
  to   space 27648K, 0% used [0x00000000ec300000,0x00000000ec300000,0x00000000ede00000)
 ParOldGen       total 151040K, used 42098K [0x00000000a0000000, 0x00000000a9380000, 0x00000000e0000000)
  object space 151040K, 27% used [0x00000000a0000000,0x00000000a291ca28,0x00000000a9380000)
 Metaspace       used 67069K, capacity 69046K, committed 69396K, reserved 1110016K
  class space    used 8742K, capacity 9154K, committed 9276K, reserved 1048576K
}
Event: 24.997 GC heap before
{Heap before GC invocations=16 (full 3):
 PSYoungGen      total 222720K, used 222689K [0x00000000e0000000, 0x00000000efe80000, 0x0000000100000000)
  eden space 199680K, 100% used [0x00000000e0000000,0x00000000ec300000,0x00000000ec300000)
  from space 23040K, 99% used [0x00000000ede00000,0x00000000ef478708,0x00000000ef480000)
  to   space 27648K, 0% used [0x00000000ec300000,0x00000000ec300000,0x00000000ede00000)
 ParOldGen       total 151040K, used 42098K [0x00000000a0000000, 0x00000000a9380000, 0x00000000e0000000)
  object space 151040K, 27% used [0x00000000a0000000,0x00000000a291ca28,0x00000000a9380000)
 Metaspace       used 68160K, capacity 70264K, committed 70548K, reserved 1110016K
  class space    used 8850K, capacity 9343K, committed 9404K, reserved 1048576K

