# JRE version: OpenJDK Runtime Environment (8.0_202) (build 1.8.0_202-release-1483-b49-5587405)
# Java VM: OpenJDK 64-Bit Server VM (25.202-b49-5587405 mixed mode linux-amd64 compressed oops)
Heap:
 PSYoungGen      total 376320K, used 0K [0x00000000e0000000, 0x0000000100000000, 0x0000000100000000)
  eden space 292864K, 0% used [0x00000000e0000000,0x00000000e0000000,0x00000000f1e00000)
  from space 83456K, 0% used [0x00000000fac80000,0x00000000fac80000,0x00000000ffe00000)
  to   space 115712K, 0% used [0x00000000f1e00000,0x00000000f1e00000,0x00000000f8f00000)
 ParOldGen       total 466944K, used 258989K [0x00000000a0000000, 0x00000000bc800000, 0x00000000e0000000)
  object space 466944K, 55% used [0x00000000a0000000,0x00000000afceb498,0x00000000bc800000)
 Metaspace       used 134250K, capacity 140038K, committed 140440K, reserved 1171456K
  class space    used 16898K, capacity 18116K, committed 18344K, reserved 1048576K
GC Heap History (10 events):
Event: 5825.122 GC heap after
Heap after GC invocations=53 (full 7):
 PSYoungGen      total 432128K, used 10876K [0x00000000e0000000, 0x00000000ffc80000, 0x0000000100000000)
  eden space 347648K, 0% used [0x00000000e0000000,0x00000000e0000000,0x00000000f5380000)
  from space 84480K, 12% used [0x00000000fa580000,0x00000000fb01f310,0x00000000ff800000)
  to   space 83968K, 0% used [0x00000000f5380000,0x00000000f5380000,0x00000000fa580000)
 ParOldGen       total 466944K, used 363023K [0x00000000a0000000, 0x00000000bc800000, 0x00000000e0000000)
  object space 466944K, 77% used [0x00000000a0000000,0x00000000b6283e70,0x00000000bc800000)
 Metaspace       used 134056K, capacity 139790K, committed 140440K, reserved 1171456K
  class space    used 16888K, capacity 18108K, committed 18344K, reserved 1048576K
}
Event: 5826.162 GC heap before
{Heap before GC invocations=54 (full 7):
 PSYoungGen      total 432128K, used 358524K [0x00000000e0000000, 0x00000000ffc80000, 0x0000000100000000)
  eden space 347648K, 100% used [0x00000000e0000000,0x00000000f5380000,0x00000000f5380000)
  from space 84480K, 12% used [0x00000000fa580000,0x00000000fb01f310,0x00000000ff800000)
  to   space 83968K, 0% used [0x00000000f5380000,0x00000000f5380000,0x00000000fa580000)
 ParOldGen       total 466944K, used 363023K [0x00000000a0000000, 0x00000000bc800000, 0x00000000e0000000)
  object space 466944K, 77% used [0x00000000a0000000,0x00000000b6283e70,0x00000000bc800000)
 Metaspace       used 134061K, capacity 139790K, committed 140440K, reserved 1171456K
  class space    used 16888K, capacity 18108K, committed 18344K, reserved 1048576K
Event: 5826.184 GC heap after
Heap after GC invocations=54 (full 7):
 PSYoungGen      total 431616K, used 960K [0x00000000e0000000, 0x0000000100000000, 0x0000000100000000)
  eden space 347648K, 0% used [0x00000000e0000000,0x00000000e0000000,0x00000000f5380000)
  from space 83968K, 1% used [0x00000000f5380000,0x00000000f5470000,0x00000000fa580000)
  to   space 84480K, 0% used [0x00000000fad80000,0x00000000fad80000,0x0000000100000000)
 ParOldGen       total 466944K, used 371404K [0x00000000a0000000, 0x00000000bc800000, 0x00000000e0000000)
  object space 466944K, 79% used [0x00000000a0000000,0x00000000b6ab31b8,0x00000000bc800000)
 Metaspace       used 134061K, capacity 139790K, committed 140440K, reserved 1171456K
  class space    used 16888K, capacity 18108K, committed 18344K, reserved 1048576K
}
Event: 5827.054 GC heap before
{Heap before GC invocations=55 (full 7):
 PSYoungGen      total 431616K, used 348608K [0x00000000e0000000, 0x0000000100000000, 0x0000000100000000)
  eden space 347648K, 100% used [0x00000000e0000000,0x00000000f5380000,0x00000000f5380000)
  from space 83968K, 1% used [0x00000000f5380000,0x00000000f5470000,0x00000000fa580000)
  to   space 84480K, 0% used [0x00000000fad80000,0x00000000fad80000,0x0000000100000000)
 ParOldGen       total 466944K, used 371404K [0x00000000a0000000, 0x00000000bc800000, 0x00000000e0000000)
  object space 466944K, 79% used [0x00000000a0000000,0x00000000b6ab31b8,0x00000000bc800000)
 Metaspace       used 134061K, capacity 139790K, committed 140440K, reserved 1171456K
  class space    used 16888K, capacity 18108K, committed 18344K, reserved 1048576K
Event: 5827.062 GC heap after
Heap after GC invocations=55 (full 7):
 PSYoungGen      total 439808K, used 96K [0x00000000e0000000, 0x0000000100000000, 0x0000000100000000)
  eden space 355328K, 0% used [0x00000000e0000000,0x00000000e0000000,0x00000000f5b00000)
  from space 84480K, 0% used [0x00000000fad80000,0x00000000fad98000,0x0000000100000000)
  to   space 84480K, 0% used [0x00000000f5b00000,0x00000000f5b00000,0x00000000fad80000)
 ParOldGen       total 466944K, used 371775K [0x00000000a0000000, 0x00000000bc800000, 0x00000000e0000000)
  object space 466944K, 79% used [0x00000000a0000000,0x00000000b6b0fd30,0x00000000bc800000)
 Metaspace       used 134061K, capacity 139790K, committed 140440K, reserved 1171456K
  class space    used 16888K, capacity 18108K, committed 18344K, reserved 1048576K
}
Event: 5828.702 GC heap before
{Heap before GC invocations=56 (full 7):
 PSYoungGen      total 439808K, used 355424K [0x00000000e0000000, 0x0000000100000000, 0x0000000100000000)
  eden space 355328K, 100% used [0x00000000e0000000,0x00000000f5b00000,0x00000000f5b00000)
  from space 84480K, 0% used [0x00000000fad80000,0x00000000fad98000,0x0000000100000000)
  to   space 84480K, 0% used [0x00000000f5b00000,0x00000000f5b00000,0x00000000fad80000)
 ParOldGen       total 466944K, used 371775K [0x00000000a0000000, 0x00000000bc800000, 0x00000000e0000000)
  object space 466944K, 79% used [0x00000000a0000000,0x00000000b6b0fd30,0x00000000bc800000)
 Metaspace       used 134134K, capacity 139872K, committed 140440K, reserved 1171456K
  class space    used 16892K, capacity 18111K, committed 18344K, reserved 1048576K
Event: 5828.719 GC heap after
Heap after GC invocations=56 (full 7):
 PSYoungGen      total 356352K, used 643K [0x00000000e0000000, 0x00000000ffe00000, 0x0000000100000000)
  eden space 355328K, 0% used [0x00000000e0000000,0x00000000e0000000,0x00000000f5b00000)
  from space 1024K, 62% used [0x00000000f5b00000,0x00000000f5ba0c98,0x00000000f5c00000)
  to   space 83456K, 0% used [0x00000000fac80000,0x00000000fac80000,0x00000000ffe00000)
 ParOldGen       total 466944K, used 371791K [0x00000000a0000000, 0x00000000bc800000, 0x00000000e0000000)
  object space 466944K, 79% used [0x00000000a0000000,0x00000000b6b13d30,0x00000000bc800000)
 Metaspace       used 134134K, capacity 139872K, committed 140440K, reserved 1171456K
  class space    used 16892K, capacity 18111K, committed 18344K, reserved 1048576K
}
Event: 5831.752 GC heap before
{Heap before GC invocations=57 (full 7):
 PSYoungGen      total 356352K, used 355971K [0x00000000e0000000, 0x00000000ffe00000, 0x0000000100000000)
  eden space 355328K, 100% used [0x00000000e0000000,0x00000000f5b00000,0x00000000f5b00000)
  from space 1024K, 62% used [0x00000000f5b00000,0x00000000f5ba0c98,0x00000000f5c00000)
  to   space 83456K, 0% used [0x00000000fac80000,0x00000000fac80000,0x00000000ffe00000)
 ParOldGen       total 466944K, used 371791K [0x00000000a0000000, 0x00000000bc800000, 0x00000000e0000000)
  object space 466944K, 79% used [0x00000000a0000000,0x00000000b6b13d30,0x00000000bc800000)
 Metaspace       used 134250K, capacity 140038K, committed 140440K, reserved 1171456K
  class space    used 16898K, capacity 18116K, committed 18344K, reserved 1048576K
Event: 5831.986 GC heap after
Heap after GC invocations=57 (full 7):
 PSYoungGen      total 376320K, used 83432K [0x00000000e0000000, 0x0000000100000000, 0x0000000100000000)
  eden space 292864K, 0% used [0x00000000e0000000,0x00000000e0000000,0x00000000f1e00000)
  from space 83456K, 99% used [0x00000000fac80000,0x00000000ffdfa1d0,0x00000000ffe00000)
  to   space 115712K, 0% used [0x00000000f1e00000,0x00000000f1e00000,0x00000000f8f00000)
 ParOldGen       total 466944K, used 417088K [0x00000000a0000000, 0x00000000bc800000, 0x00000000e0000000)
  object space 466944K, 89% used [0x00000000a0000000,0x00000000b97502d8,0x00000000bc800000)
 Metaspace       used 134250K, capacity 140038K, committed 140440K, reserved 1171456K
  class space    used 16898K, capacity 18116K, committed 18344K, reserved 1048576K
}
Event: 5831.986 GC heap before
{Heap before GC invocations=58 (full 8):
 PSYoungGen      total 376320K, used 83432K [0x00000000e0000000, 0x0000000100000000, 0x0000000100000000)
  eden space 292864K, 0% used [0x00000000e0000000,0x00000000e0000000,0x00000000f1e00000)
  from space 83456K, 99% used [0x00000000fac80000,0x00000000ffdfa1d0,0x00000000ffe00000)
  to   space 115712K, 0% used [0x00000000f1e00000,0x00000000f1e00000,0x00000000f8f00000)
 ParOldGen       total 466944K, used 417088K [0x00000000a0000000, 0x00000000bc800000, 0x00000000e0000000)
  object space 466944K, 89% used [0x00000000a0000000,0x00000000b97502d8,0x00000000bc800000)
 Metaspace       used 134250K, capacity 140038K, committed 140440K, reserved 1171456K
  class space    used 16898K, capacity 18116K, committed 18344K, reserved 1048576K

