# JRE version: OpenJDK Runtime Environment (8.0_202) (build 1.8.0_202-release-1483-b49-5587405)
# Java VM: OpenJDK 64-Bit Server VM (25.202-b49-5587405 mixed mode linux-amd64 compressed oops)
Heap:
 PSYoungGen      total 136192K, used 11408K [0x00000000e0000000, 0x00000000ec300000, 0x0000000100000000)
  eden space 123392K, 0% used [0x00000000e0000000,0x00000000e0000000,0x00000000e7880000)
  from space 12800K, 89% used [0x00000000eb680000,0x00000000ec1a41b0,0x00000000ec300000)
  to   space 11264K, 0% used [0x00000000e7880000,0x00000000e7880000,0x00000000e8380000)
 ParOldGen       total 59392K, used 10684K [0x00000000a0000000, 0x00000000a3a00000, 0x00000000e0000000)
  object space 59392K, 17% used [0x00000000a0000000,0x00000000a0a6f020,0x00000000a3a00000)
 Metaspace       used 34499K, capacity 35200K, committed 35416K, reserved 1079296K
  class space    used 4733K, capacity 4935K, committed 4992K, reserved 1048576K
GC Heap History (10 events):
Event: 20.424 GC heap after
Heap after GC invocations=4 (full 0):
 PSYoungGen      total 68608K, used 5088K [0x00000000e0000000, 0x00000000e4800000, 0x0000000100000000)
  eden space 63488K, 0% used [0x00000000e0000000,0x00000000e0000000,0x00000000e3e00000)
  from space 5120K, 99% used [0x00000000e4300000,0x00000000e47f8040,0x00000000e4800000)
  to   space 5120K, 0% used [0x00000000e3e00000,0x00000000e3e00000,0x00000000e4300000)
 ParOldGen       total 84992K, used 4482K [0x00000000a0000000, 0x00000000a5300000, 0x00000000e0000000)
  object space 84992K, 5% used [0x00000000a0000000,0x00000000a0460948,0x00000000a5300000)
 Metaspace       used 15964K, capacity 16402K, committed 16512K, reserved 1062912K
  class space    used 2273K, capacity 2413K, committed 2432K, reserved 1048576K
}
Event: 23.196 GC heap before
{Heap before GC invocations=5 (full 0):
 PSYoungGen      total 68608K, used 49612K [0x00000000e0000000, 0x00000000e4800000, 0x0000000100000000)
  eden space 63488K, 70% used [0x00000000e0000000,0x00000000e2b7b048,0x00000000e3e00000)
  from space 5120K, 99% used [0x00000000e4300000,0x00000000e47f8040,0x00000000e4800000)
  to   space 5120K, 0% used [0x00000000e3e00000,0x00000000e3e00000,0x00000000e4300000)
 ParOldGen       total 84992K, used 4482K [0x00000000a0000000, 0x00000000a5300000, 0x00000000e0000000)
  object space 84992K, 5% used [0x00000000a0000000,0x00000000a0460948,0x00000000a5300000)
 Metaspace       used 20775K, capacity 21080K, committed 21248K, reserved 1067008K
  class space    used 2912K, capacity 3028K, committed 3072K, reserved 1048576K
Event: 23.245 GC heap after
Heap after GC invocations=5 (full 0):
 PSYoungGen      total 68608K, used 5104K [0x00000000e0000000, 0x00000000e9200000, 0x0000000100000000)
  eden space 63488K, 0% used [0x00000000e0000000,0x00000000e0000000,0x00000000e3e00000)
  from space 5120K, 99% used [0x00000000e3e00000,0x00000000e42fc030,0x00000000e4300000)
  to   space 11264K, 0% used [0x00000000e8700000,0x00000000e8700000,0x00000000e9200000)
 ParOldGen       total 84992K, used 9765K [0x00000000a0000000, 0x00000000a5300000, 0x00000000e0000000)
  object space 84992K, 11% used [0x00000000a0000000,0x00000000a09895e0,0x00000000a5300000)
 Metaspace       used 20775K, capacity 21080K, committed 21248K, reserved 1067008K
  class space    used 2912K, capacity 3028K, committed 3072K, reserved 1048576K
}
Event: 23.245 GC heap before
{Heap before GC invocations=6 (full 1):
 PSYoungGen      total 68608K, used 5104K [0x00000000e0000000, 0x00000000e9200000, 0x0000000100000000)
  eden space 63488K, 0% used [0x00000000e0000000,0x00000000e0000000,0x00000000e3e00000)
  from space 5120K, 99% used [0x00000000e3e00000,0x00000000e42fc030,0x00000000e4300000)
  to   space 11264K, 0% used [0x00000000e8700000,0x00000000e8700000,0x00000000e9200000)
 ParOldGen       total 84992K, used 9765K [0x00000000a0000000, 0x00000000a5300000, 0x00000000e0000000)
  object space 84992K, 11% used [0x00000000a0000000,0x00000000a09895e0,0x00000000a5300000)
 Metaspace       used 20775K, capacity 21080K, committed 21248K, reserved 1067008K
  class space    used 2912K, capacity 3028K, committed 3072K, reserved 1048576K
Event: 23.399 GC heap after
Heap after GC invocations=6 (full 1):
 PSYoungGen      total 68608K, used 0K [0x00000000e0000000, 0x00000000e9200000, 0x0000000100000000)
  eden space 63488K, 0% used [0x00000000e0000000,0x00000000e0000000,0x00000000e3e00000)
  from space 5120K, 0% used [0x00000000e3e00000,0x00000000e3e00000,0x00000000e4300000)
  to   space 11264K, 0% used [0x00000000e8700000,0x00000000e8700000,0x00000000e9200000)
 ParOldGen       total 59392K, used 10319K [0x00000000a0000000, 0x00000000a3a00000, 0x00000000e0000000)
  object space 59392K, 17% used [0x00000000a0000000,0x00000000a0a13da8,0x00000000a3a00000)
 Metaspace       used 20775K, capacity 21080K, committed 21248K, reserved 1067008K
  class space    used 2912K, capacity 3028K, committed 3072K, reserved 1048576K
}
Event: 27.303 GC heap before
{Heap before GC invocations=7 (full 1):
 PSYoungGen      total 68608K, used 63488K [0x00000000e0000000, 0x00000000e9200000, 0x0000000100000000)
  eden space 63488K, 100% used [0x00000000e0000000,0x00000000e3e00000,0x00000000e3e00000)
  from space 5120K, 0% used [0x00000000e3e00000,0x00000000e3e00000,0x00000000e4300000)
  to   space 11264K, 0% used [0x00000000e8700000,0x00000000e8700000,0x00000000e9200000)
 ParOldGen       total 59392K, used 10319K [0x00000000a0000000, 0x00000000a3a00000, 0x00000000e0000000)
  object space 59392K, 17% used [0x00000000a0000000,0x00000000a0a13da8,0x00000000a3a00000)
 Metaspace       used 28337K, capacity 28770K, committed 29184K, reserved 1075200K
  class space    used 3831K, capacity 3978K, committed 4096K, reserved 1048576K
Event: 27.336 GC heap after
Heap after GC invocations=7 (full 1):
 PSYoungGen      total 111616K, used 7488K [0x00000000e0000000, 0x00000000e8e80000, 0x0000000100000000)
  eden space 103936K, 0% used [0x00000000e0000000,0x00000000e0000000,0x00000000e6580000)
  from space 7680K, 97% used [0x00000000e8700000,0x00000000e8e502f8,0x00000000e8e80000)
  to   space 11264K, 0% used [0x00000000e7880000,0x00000000e7880000,0x00000000e8380000)
 ParOldGen       total 59392K, used 10327K [0x00000000a0000000, 0x00000000a3a00000, 0x00000000e0000000)
  object space 59392K, 17% used [0x00000000a0000000,0x00000000a0a15da8,0x00000000a3a00000)
 Metaspace       used 28337K, capacity 28770K, committed 29184K, reserved 1075200K
  class space    used 3831K, capacity 3978K, committed 4096K, reserved 1048576K
}
Event: 32.650 GC heap before
{Heap before GC invocations=8 (full 1):
 PSYoungGen      total 111616K, used 111424K [0x00000000e0000000, 0x00000000e8e80000, 0x0000000100000000)
  eden space 103936K, 100% used [0x00000000e0000000,0x00000000e6580000,0x00000000e6580000)
  from space 7680K, 97% used [0x00000000e8700000,0x00000000e8e502f8,0x00000000e8e80000)
  to   space 11264K, 0% used [0x00000000e7880000,0x00000000e7880000,0x00000000e8380000)
 ParOldGen       total 59392K, used 10327K [0x00000000a0000000, 0x00000000a3a00000, 0x00000000e0000000)
  object space 59392K, 17% used [0x00000000a0000000,0x00000000a0a15da8,0x00000000a3a00000)
 Metaspace       used 33480K, capacity 34112K, committed 34560K, reserved 1079296K
  class space    used 4609K, capacity 4785K, committed 4864K, reserved 1048576K
Event: 32.772 GC heap after
Heap after GC invocations=8 (full 1):
 PSYoungGen      total 134656K, used 11260K [0x00000000e0000000, 0x00000000ec300000, 0x0000000100000000)
  eden space 123392K, 0% used [0x00000000e0000000,0x00000000e0000000,0x00000000e7880000)
  from space 11264K, 99% used [0x00000000e7880000,0x00000000e837f2e8,0x00000000e8380000)
  to   space 12800K, 0% used [0x00000000eb680000,0x00000000eb680000,0x00000000ec300000)
 ParOldGen       total 59392K, used 10676K [0x00000000a0000000, 0x00000000a3a00000, 0x00000000e0000000)
  object space 59392K, 17% used [0x00000000a0000000,0x00000000a0a6d020,0x00000000a3a00000)
 Metaspace       used 33480K, capacity 34112K, committed 34560K, reserved 1079296K
  class space    used 4609K, capacity 4785K, committed 4864K, reserved 1048576K
}
Event: 35.097 GC heap before
{Heap before GC invocations=9 (full 1):
 PSYoungGen      total 134656K, used 41442K [0x00000000e0000000, 0x00000000ec300000, 0x0000000100000000)
  eden space 123392K, 24% used [0x00000000e0000000,0x00000000e1d796d8,0x00000000e7880000)
  from space 11264K, 99% used [0x00000000e7880000,0x00000000e837f2e8,0x00000000e8380000)
  to   space 12800K, 0% used [0x00000000eb680000,0x00000000eb680000,0x00000000ec300000)
 ParOldGen       total 59392K, used 10676K [0x00000000a0000000, 0x00000000a3a00000, 0x00000000e0000000)
  object space 59392K, 17% used [0x00000000a0000000,0x00000000a0a6d020,0x00000000a3a00000)
 Metaspace       used 34499K, capacity 35200K, committed 35416K, reserved 1079296K
  class space    used 4733K, capacity 4935K, committed 4992K, reserved 1048576K

