# JRE version: OpenJDK Runtime Environment (8.0_202) (build 1.8.0_202-release-1483-b49-5587405)
# Java VM: OpenJDK 64-Bit Server VM (25.202-b49-5587405 mixed mode linux-amd64 compressed oops)
Heap:
 PSYoungGen      total 380928K, used 0K [0x00000000e0000000, 0x0000000100000000, 0x0000000100000000)
  eden space 257536K, 0% used [0x00000000e0000000,0x00000000e0000000,0x00000000efb80000)
  from space 123392K, 0% used [0x00000000efb80000,0x00000000efb80000,0x00000000f7400000)
  to   space 137728K, 0% used [0x00000000f7980000,0x00000000f7980000,0x0000000100000000)
 ParOldGen       total 401920K, used 241492K [0x00000000a0000000, 0x00000000b8880000, 0x00000000e0000000)
  object space 401920K, 60% used [0x00000000a0000000,0x00000000aebd5150,0x00000000b8880000)
 Metaspace       used 127675K, capacity 135754K, committed 139852K, reserved 1171456K
  class space    used 15916K, capacity 17367K, committed 18048K, reserved 1048576K
GC Heap History (10 events):
Event: 28943.392 GC heap after
Heap after GC invocations=142 (full 15):
 PSYoungGen      total 397312K, used 110569K [0x00000000e0000000, 0x0000000100000000, 0x0000000100000000)
  eden space 286720K, 0% used [0x00000000e0000000,0x00000000e0000000,0x00000000f1800000)
  from space 110592K, 99% used [0x00000000f1800000,0x00000000f83fa7f8,0x00000000f8400000)
  to   space 126976K, 0% used [0x00000000f8400000,0x00000000f8400000,0x0000000100000000)
 ParOldGen       total 401920K, used 171446K [0x00000000a0000000, 0x00000000b8880000, 0x00000000e0000000)
  object space 401920K, 42% used [0x00000000a0000000,0x00000000aa76d990,0x00000000b8880000)
 Metaspace       used 129724K, capacity 138082K, committed 139340K, reserved 1171456K
  class space    used 16126K, capacity 17607K, committed 18048K, reserved 1048576K
}
Event: 29904.306 GC heap before
{Heap before GC invocations=143 (full 15):
 PSYoungGen      total 397312K, used 397289K [0x00000000e0000000, 0x0000000100000000, 0x0000000100000000)
  eden space 286720K, 100% used [0x00000000e0000000,0x00000000f1800000,0x00000000f1800000)
  from space 110592K, 99% used [0x00000000f1800000,0x00000000f83fa7f8,0x00000000f8400000)
  to   space 126976K, 0% used [0x00000000f8400000,0x00000000f8400000,0x0000000100000000)
 ParOldGen       total 401920K, used 171446K [0x00000000a0000000, 0x00000000b8880000, 0x00000000e0000000)
  object space 401920K, 42% used [0x00000000a0000000,0x00000000aa76d990,0x00000000b8880000)
 Metaspace       used 129761K, capacity 138082K, committed 139340K, reserved 1171456K
  class space    used 16127K, capacity 17607K, committed 18048K, reserved 1048576K
Event: 29906.474 GC heap after
Heap after GC invocations=143 (full 15):
 PSYoungGen      total 380928K, used 10928K [0x00000000e0000000, 0x0000000100000000, 0x0000000100000000)
  eden space 253952K, 0% used [0x00000000e0000000,0x00000000e0000000,0x00000000ef800000)
  from space 126976K, 8% used [0x00000000f8400000,0x00000000f8eac3c0,0x0000000100000000)
  to   space 135168K, 0% used [0x00000000ef800000,0x00000000ef800000,0x00000000f7c00000)
 ParOldGen       total 401920K, used 271129K [0x00000000a0000000, 0x00000000b8880000, 0x00000000e0000000)
  object space 401920K, 67% used [0x00000000a0000000,0x00000000b08c64f8,0x00000000b8880000)
 Metaspace       used 129761K, capacity 138082K, committed 139340K, reserved 1171456K
  class space    used 16127K, capacity 17607K, committed 18048K, reserved 1048576K
}
Event: 29911.155 GC heap before
{Heap before GC invocations=144 (full 15):
 PSYoungGen      total 380928K, used 262773K [0x00000000e0000000, 0x0000000100000000, 0x0000000100000000)
  eden space 253952K, 99% used [0x00000000e0000000,0x00000000ef5f1208,0x00000000ef800000)
  from space 126976K, 8% used [0x00000000f8400000,0x00000000f8eac3c0,0x0000000100000000)
  to   space 135168K, 0% used [0x00000000ef800000,0x00000000ef800000,0x00000000f7c00000)
 ParOldGen       total 401920K, used 271129K [0x00000000a0000000, 0x00000000b8880000, 0x00000000e0000000)
  object space 401920K, 67% used [0x00000000a0000000,0x00000000b08c64f8,0x00000000b8880000)
 Metaspace       used 129808K, capacity 138148K, committed 139340K, reserved 1171456K
  class space    used 16133K, capacity 17618K, committed 18048K, reserved 1048576K
Event: 29911.346 GC heap after
Heap after GC invocations=144 (full 15):
 PSYoungGen      total 389120K, used 55000K [0x00000000e0000000, 0x0000000100000000, 0x0000000100000000)
  eden space 253952K, 0% used [0x00000000e0000000,0x00000000e0000000,0x00000000ef800000)
  from space 135168K, 40% used [0x00000000ef800000,0x00000000f2db6080,0x00000000f7c00000)
  to   space 131584K, 0% used [0x00000000f7f80000,0x00000000f7f80000,0x0000000100000000)
 ParOldGen       total 401920K, used 280824K [0x00000000a0000000, 0x00000000b8880000, 0x00000000e0000000)
  object space 401920K, 69% used [0x00000000a0000000,0x00000000b123e1f8,0x00000000b8880000)
 Metaspace       used 129808K, capacity 138148K, committed 139340K, reserved 1171456K
  class space    used 16133K, capacity 17618K, committed 18048K, reserved 1048576K
}
Event: 29922.362 GC heap before
{Heap before GC invocations=145 (full 15):
 PSYoungGen      total 389120K, used 308952K [0x00000000e0000000, 0x0000000100000000, 0x0000000100000000)
  eden space 253952K, 100% used [0x00000000e0000000,0x00000000ef800000,0x00000000ef800000)
  from space 135168K, 40% used [0x00000000ef800000,0x00000000f2db6080,0x00000000f7c00000)
  to   space 131584K, 0% used [0x00000000f7f80000,0x00000000f7f80000,0x0000000100000000)
 ParOldGen       total 401920K, used 280824K [0x00000000a0000000, 0x00000000b8880000, 0x00000000e0000000)
  object space 401920K, 69% used [0x00000000a0000000,0x00000000b123e1f8,0x00000000b8880000)
 Metaspace       used 129959K, capacity 138320K, committed 139340K, reserved 1171456K
  class space    used 16147K, capacity 17658K, committed 18048K, reserved 1048576K
Event: 29922.513 GC heap after
Heap after GC invocations=145 (full 15):
 PSYoungGen      total 369152K, used 41293K [0x00000000e0000000, 0x00000000fec80000, 0x0000000100000000)
  eden space 257536K, 0% used [0x00000000e0000000,0x00000000e0000000,0x00000000efb80000)
  from space 111616K, 36% used [0x00000000f7f80000,0x00000000fa7d3678,0x00000000fec80000)
  to   space 123392K, 0% used [0x00000000efb80000,0x00000000efb80000,0x00000000f7400000)
 ParOldGen       total 401920K, used 288742K [0x00000000a0000000, 0x00000000b8880000, 0x00000000e0000000)
  object space 401920K, 71% used [0x00000000a0000000,0x00000000b19f9848,0x00000000b8880000)
 Metaspace       used 129959K, capacity 138320K, committed 139340K, reserved 1171456K
  class space    used 16147K, capacity 17658K, committed 18048K, reserved 1048576K
}
Event: 29923.337 GC heap before
{Heap before GC invocations=146 (full 15):
 PSYoungGen      total 369152K, used 298829K [0x00000000e0000000, 0x00000000fec80000, 0x0000000100000000)
  eden space 257536K, 100% used [0x00000000e0000000,0x00000000efb80000,0x00000000efb80000)
  from space 111616K, 36% used [0x00000000f7f80000,0x00000000fa7d3678,0x00000000fec80000)
  to   space 123392K, 0% used [0x00000000efb80000,0x00000000efb80000,0x00000000f7400000)
 ParOldGen       total 401920K, used 288742K [0x00000000a0000000, 0x00000000b8880000, 0x00000000e0000000)
  object space 401920K, 71% used [0x00000000a0000000,0x00000000b19f9848,0x00000000b8880000)
 Metaspace       used 130844K, capacity 139234K, committed 139852K, reserved 1171456K
  class space    used 16232K, capacity 17725K, committed 18048K, reserved 1048576K
Event: 29923.455 GC heap after
Heap after GC invocations=146 (full 15):
 PSYoungGen      total 380928K, used 101453K [0x00000000e0000000, 0x0000000100000000, 0x0000000100000000)
  eden space 257536K, 0% used [0x00000000e0000000,0x00000000e0000000,0x00000000efb80000)
  from space 123392K, 82% used [0x00000000efb80000,0x00000000f5e93750,0x00000000f7400000)
  to   space 137728K, 0% used [0x00000000f7980000,0x00000000f7980000,0x0000000100000000)
 ParOldGen       total 401920K, used 321159K [0x00000000a0000000, 0x00000000b8880000, 0x00000000e0000000)
  object space 401920K, 79% used [0x00000000a0000000,0x00000000b39a1c98,0x00000000b8880000)
 Metaspace       used 130844K, capacity 139234K, committed 139852K, reserved 1171456K
  class space    used 16232K, capacity 17725K, committed 18048K, reserved 1048576K
}
Event: 29923.455 GC heap before
{Heap before GC invocations=147 (full 16):
 PSYoungGen      total 380928K, used 101453K [0x00000000e0000000, 0x0000000100000000, 0x0000000100000000)
  eden space 257536K, 0% used [0x00000000e0000000,0x00000000e0000000,0x00000000efb80000)
  from space 123392K, 82% used [0x00000000efb80000,0x00000000f5e93750,0x00000000f7400000)
  to   space 137728K, 0% used [0x00000000f7980000,0x00000000f7980000,0x0000000100000000)
 ParOldGen       total 401920K, used 321159K [0x00000000a0000000, 0x00000000b8880000, 0x00000000e0000000)
  object space 401920K, 79% used [0x00000000a0000000,0x00000000b39a1c98,0x00000000b8880000)
 Metaspace       used 130844K, capacity 139234K, committed 139852K, reserved 1171456K
  class space    used 16232K, capacity 17725K, committed 18048K, reserved 1048576K

