# JRE version: OpenJDK Runtime Environment (8.0_202) (build 1.8.0_202-release-1483-b49-5587405)
# Java VM: OpenJDK 64-Bit Server VM (25.202-b49-5587405 mixed mode linux-amd64 compressed oops)
Heap:
 PSYoungGen      total 467456K, used 2838K [0x00000000d7180000, 0x00000000f7500000, 0x0000000100000000)
  eden space 407040K, 0% used [0x00000000d7180000,0x00000000d7180000,0x00000000eff00000)
  from space 60416K, 4% used [0x00000000eff00000,0x00000000f01c58a0,0x00000000f3a00000)
  to   space 50176K, 0% used [0x00000000f4400000,0x00000000f4400000,0x00000000f7500000)
 ParOldGen       total 236544K, used 167347K [0x0000000085400000, 0x0000000093b00000, 0x00000000d7180000)
  object space 236544K, 70% used [0x0000000085400000,0x000000008f76cdb8,0x0000000093b00000)
 Metaspace       used 70458K, capacity 72346K, committed 72576K, reserved 1114112K
  class space    used 8029K, capacity 8496K, committed 8576K, reserved 1048576K
GC Heap History (10 events):
Event: 35.562 GC heap after
Heap after GC invocations=15 (full 3):
 PSYoungGen      total 282624K, used 12498K [0x00000000d7180000, 0x00000000ec980000, 0x0000000100000000)
  eden space 221184K, 0% used [0x00000000d7180000,0x00000000d7180000,0x00000000e4980000)
  from space 61440K, 20% used [0x00000000e8d80000,0x00000000e99b4ac0,0x00000000ec980000)
  to   space 65536K, 0% used [0x00000000e4980000,0x00000000e4980000,0x00000000e8980000)
 ParOldGen       total 236544K, used 114372K [0x0000000085400000, 0x0000000093b00000, 0x00000000d7180000)
  object space 236544K, 48% used [0x0000000085400000,0x000000008c3b1350,0x0000000093b00000)
 Metaspace       used 59388K, capacity 60964K, committed 61056K, reserved 1103872K
  class space    used 7130K, capacity 7487K, committed 7552K, reserved 1048576K
}
Event: 41.337 GC heap before
{Heap before GC invocations=16 (full 3):
 PSYoungGen      total 282624K, used 233682K [0x00000000d7180000, 0x00000000ec980000, 0x0000000100000000)
  eden space 221184K, 100% used [0x00000000d7180000,0x00000000e4980000,0x00000000e4980000)
  from space 61440K, 20% used [0x00000000e8d80000,0x00000000e99b4ac0,0x00000000ec980000)
  to   space 65536K, 0% used [0x00000000e4980000,0x00000000e4980000,0x00000000e8980000)
 ParOldGen       total 236544K, used 114372K [0x0000000085400000, 0x0000000093b00000, 0x00000000d7180000)
  object space 236544K, 48% used [0x0000000085400000,0x000000008c3b1350,0x0000000093b00000)
 Metaspace       used 60264K, capacity 61872K, committed 62208K, reserved 1103872K
  class space    used 7231K, capacity 7589K, committed 7680K, reserved 1048576K
Event: 41.417 GC heap after
Heap after GC invocations=16 (full 3):
 PSYoungGen      total 286720K, used 25247K [0x00000000d7180000, 0x00000000f1c00000, 0x0000000100000000)
  eden space 221184K, 0% used [0x00000000d7180000,0x00000000d7180000,0x00000000e4980000)
  from space 65536K, 38% used [0x00000000e4980000,0x00000000e6227cd0,0x00000000e8980000)
  to   space 61952K, 0% used [0x00000000edf80000,0x00000000edf80000,0x00000000f1c00000)
 ParOldGen       total 236544K, used 114380K [0x0000000085400000, 0x0000000093b00000, 0x00000000d7180000)
  object space 236544K, 48% used [0x0000000085400000,0x000000008c3b3350,0x0000000093b00000)
 Metaspace       used 60264K, capacity 61872K, committed 62208K, reserved 1103872K
  class space    used 7231K, capacity 7589K, committed 7680K, reserved 1048576K
}
Event: 46.280 GC heap before
{Heap before GC invocations=17 (full 3):
 PSYoungGen      total 286720K, used 246431K [0x00000000d7180000, 0x00000000f1c00000, 0x0000000100000000)
  eden space 221184K, 100% used [0x00000000d7180000,0x00000000e4980000,0x00000000e4980000)
  from space 65536K, 38% used [0x00000000e4980000,0x00000000e6227cd0,0x00000000e8980000)
  to   space 61952K, 0% used [0x00000000edf80000,0x00000000edf80000,0x00000000f1c00000)
 ParOldGen       total 236544K, used 114380K [0x0000000085400000, 0x0000000093b00000, 0x00000000d7180000)
  object space 236544K, 48% used [0x0000000085400000,0x000000008c3b3350,0x0000000093b00000)
 Metaspace       used 60695K, capacity 62266K, committed 62464K, reserved 1103872K
  class space    used 7266K, capacity 7628K, committed 7680K, reserved 1048576K
Event: 46.354 GC heap after
Heap after GC invocations=17 (full 3):
 PSYoungGen      total 360448K, used 34304K [0x00000000d7180000, 0x00000000f1400000, 0x0000000100000000)
  eden space 306688K, 0% used [0x00000000d7180000,0x00000000d7180000,0x00000000e9d00000)
  from space 53760K, 63% used [0x00000000edf80000,0x00000000f0100060,0x00000000f1400000)
  to   space 60928K, 0% used [0x00000000e9d00000,0x00000000e9d00000,0x00000000ed880000)
 ParOldGen       total 236544K, used 125596K [0x0000000085400000, 0x0000000093b00000, 0x00000000d7180000)
  object space 236544K, 53% used [0x0000000085400000,0x000000008cea73a0,0x0000000093b00000)
 Metaspace       used 60695K, capacity 62266K, committed 62464K, reserved 1103872K
  class space    used 7266K, capacity 7628K, committed 7680K, reserved 1048576K
}
Event: 52.217 GC heap before
{Heap before GC invocations=18 (full 3):
 PSYoungGen      total 360448K, used 340992K [0x00000000d7180000, 0x00000000f1400000, 0x0000000100000000)
  eden space 306688K, 100% used [0x00000000d7180000,0x00000000e9d00000,0x00000000e9d00000)
  from space 53760K, 63% used [0x00000000edf80000,0x00000000f0100060,0x00000000f1400000)
  to   space 60928K, 0% used [0x00000000e9d00000,0x00000000e9d00000,0x00000000ed880000)
 ParOldGen       total 236544K, used 125596K [0x0000000085400000, 0x0000000093b00000, 0x00000000d7180000)
  object space 236544K, 53% used [0x0000000085400000,0x000000008cea73a0,0x0000000093b00000)
 Metaspace       used 68489K, capacity 70376K, committed 70528K, reserved 1112064K
  class space    used 7982K, capacity 8449K, committed 8576K, reserved 1048576K
Event: 52.343 GC heap after
Heap after GC invocations=18 (full 3):
 PSYoungGen      total 367616K, used 13976K [0x00000000d7180000, 0x00000000f7e80000, 0x0000000100000000)
  eden space 306688K, 0% used [0x00000000d7180000,0x00000000d7180000,0x00000000e9d00000)
  from space 60928K, 22% used [0x00000000e9d00000,0x00000000eaaa6138,0x00000000ed880000)
  to   space 59904K, 0% used [0x00000000f4400000,0x00000000f4400000,0x00000000f7e80000)
 ParOldGen       total 236544K, used 158877K [0x0000000085400000, 0x0000000093b00000, 0x00000000d7180000)
  object space 236544K, 67% used [0x0000000085400000,0x000000008ef27538,0x0000000093b00000)
 Metaspace       used 68489K, capacity 70376K, committed 70528K, reserved 1112064K
  class space    used 7982K, capacity 8449K, committed 8576K, reserved 1048576K
}
Event: 58.268 GC heap before
{Heap before GC invocations=19 (full 3):
 PSYoungGen      total 367616K, used 320664K [0x00000000d7180000, 0x00000000f7e80000, 0x0000000100000000)
  eden space 306688K, 100% used [0x00000000d7180000,0x00000000e9d00000,0x00000000e9d00000)
  from space 60928K, 22% used [0x00000000e9d00000,0x00000000eaaa6138,0x00000000ed880000)
  to   space 59904K, 0% used [0x00000000f4400000,0x00000000f4400000,0x00000000f7e80000)
 ParOldGen       total 236544K, used 158877K [0x0000000085400000, 0x0000000093b00000, 0x00000000d7180000)
  object space 236544K, 67% used [0x0000000085400000,0x000000008ef27538,0x0000000093b00000)
 Metaspace       used 69828K, capacity 71708K, committed 72064K, reserved 1112064K
  class space    used 8014K, capacity 8459K, committed 8576K, reserved 1048576K
Event: 58.314 GC heap after
Heap after GC invocations=19 (full 3):
 PSYoungGen      total 457216K, used 3400K [0x00000000d7180000, 0x00000000f7500000, 0x0000000100000000)
  eden space 407040K, 0% used [0x00000000d7180000,0x00000000d7180000,0x00000000eff00000)
  from space 50176K, 6% used [0x00000000f4400000,0x00000000f4752118,0x00000000f7500000)
  to   space 60416K, 0% used [0x00000000eff00000,0x00000000eff00000,0x00000000f3a00000)
 ParOldGen       total 236544K, used 165663K [0x0000000085400000, 0x0000000093b00000, 0x00000000d7180000)
  object space 236544K, 70% used [0x0000000085400000,0x000000008f5c7ec8,0x0000000093b00000)
 Metaspace       used 69828K, capacity 71708K, committed 72064K, reserved 1112064K
  class space    used 8014K, capacity 8459K, committed 8576K, reserved 1048576K
}
Event: 64.936 GC heap before
{Heap before GC invocations=20 (full 3):
 PSYoungGen      total 457216K, used 410440K [0x00000000d7180000, 0x00000000f7500000, 0x0000000100000000)
  eden space 407040K, 100% used [0x00000000d7180000,0x00000000eff00000,0x00000000eff00000)
  from space 50176K, 6% used [0x00000000f4400000,0x00000000f4752118,0x00000000f7500000)
  to   space 60416K, 0% used [0x00000000eff00000,0x00000000eff00000,0x00000000f3a00000)
 ParOldGen       total 236544K, used 165663K [0x0000000085400000, 0x0000000093b00000, 0x00000000d7180000)
  object space 236544K, 70% used [0x0000000085400000,0x000000008f5c7ec8,0x0000000093b00000)
 Metaspace       used 70458K, capacity 72346K, committed 72576K, reserved 1114112K
  class space    used 8029K, capacity 8496K, committed 8576K, reserved 1048576K

