# JRE version: OpenJDK Runtime Environment (8.0_202) (build 1.8.0_202-release-1483-b49-5587405)
# Java VM: OpenJDK 64-Bit Server VM (25.202-b49-5587405 mixed mode linux-amd64 compressed oops)
Heap:
 PSYoungGen      total 359424K, used 0K [0x00000000e0000000, 0x0000000100000000, 0x0000000100000000)
  eden space 288256K, 0% used [0x00000000e0000000,0x00000000e0000000,0x00000000f1980000)
  from space 71168K, 0% used [0x00000000f1980000,0x00000000f1980000,0x00000000f5f00000)
  to   space 121856K, 0% used [0x00000000f8900000,0x00000000f8900000,0x0000000100000000)
 ParOldGen       total 609280K, used 292212K [0x00000000a0000000, 0x00000000c5300000, 0x00000000e0000000)
  object space 609280K, 47% used [0x00000000a0000000,0x00000000b1d5d0a0,0x00000000c5300000)
 Metaspace       used 194892K, capacity 206670K, committed 216216K, reserved 1236992K
  class space    used 24213K, capacity 26363K, committed 28328K, reserved 1048576K
GC Heap History (10 events):
Event: 18429.475 GC heap after
Heap after GC invocations=349 (full 24):
 PSYoungGen      total 395264K, used 22046K [0x00000000e0000000, 0x00000000ffc80000, 0x0000000100000000)
  eden space 266240K, 0% used [0x00000000e0000000,0x00000000e0000000,0x00000000f0400000)
  from space 129024K, 17% used [0x00000000f0400000,0x00000000f1987ba0,0x00000000f8200000)
  to   space 123904K, 0% used [0x00000000f8380000,0x00000000f8380000,0x00000000ffc80000)
 ParOldGen       total 609280K, used 489366K [0x00000000a0000000, 0x00000000c5300000, 0x00000000e0000000)
  object space 609280K, 80% used [0x00000000a0000000,0x00000000bdde5a78,0x00000000c5300000)
 Metaspace       used 199224K, capacity 214130K, committed 214680K, reserved 1236992K
  class space    used 25080K, capacity 27919K, committed 28072K, reserved 1048576K
}
Event: 18491.706 GC heap before
{Heap before GC invocations=350 (full 24):
 PSYoungGen      total 395264K, used 288286K [0x00000000e0000000, 0x00000000ffc80000, 0x0000000100000000)
  eden space 266240K, 100% used [0x00000000e0000000,0x00000000f0400000,0x00000000f0400000)
  from space 129024K, 17% used [0x00000000f0400000,0x00000000f1987ba0,0x00000000f8200000)
  to   space 123904K, 0% used [0x00000000f8380000,0x00000000f8380000,0x00000000ffc80000)
 ParOldGen       total 609280K, used 489366K [0x00000000a0000000, 0x00000000c5300000, 0x00000000e0000000)
  object space 609280K, 80% used [0x00000000a0000000,0x00000000bdde5a78,0x00000000c5300000)
 Metaspace       used 199332K, capacity 214242K, committed 214936K, reserved 1236992K
  class space    used 25084K, capacity 27927K, committed 28072K, reserved 1048576K
Event: 18491.765 GC heap after
Heap after GC invocations=350 (full 24):
 PSYoungGen      total 385536K, used 12128K [0x00000000e0000000, 0x00000000ff300000, 0x0000000100000000)
  eden space 271360K, 0% used [0x00000000e0000000,0x00000000e0000000,0x00000000f0900000)
  from space 114176K, 10% used [0x00000000f8380000,0x00000000f8f58040,0x00000000ff300000)
  to   space 119808K, 0% used [0x00000000f0900000,0x00000000f0900000,0x00000000f7e00000)
 ParOldGen       total 609280K, used 492640K [0x00000000a0000000, 0x00000000c5300000, 0x00000000e0000000)
  object space 609280K, 80% used [0x00000000a0000000,0x00000000be118138,0x00000000c5300000)
 Metaspace       used 199332K, capacity 214242K, committed 214936K, reserved 1236992K
  class space    used 25084K, capacity 27927K, committed 28072K, reserved 1048576K
}
Event: 18913.755 GC heap before
{Heap before GC invocations=351 (full 24):
 PSYoungGen      total 385536K, used 283488K [0x00000000e0000000, 0x00000000ff300000, 0x0000000100000000)
  eden space 271360K, 100% used [0x00000000e0000000,0x00000000f0900000,0x00000000f0900000)
  from space 114176K, 10% used [0x00000000f8380000,0x00000000f8f58040,0x00000000ff300000)
  to   space 119808K, 0% used [0x00000000f0900000,0x00000000f0900000,0x00000000f7e00000)
 ParOldGen       total 609280K, used 492640K [0x00000000a0000000, 0x00000000c5300000, 0x00000000e0000000)
  object space 609280K, 80% used [0x00000000a0000000,0x00000000be118138,0x00000000c5300000)
 Metaspace       used 199857K, capacity 215264K, committed 215576K, reserved 1236992K
  class space    used 25168K, capacity 28098K, committed 28200K, reserved 1048576K
Event: 18913.817 GC heap after
Heap after GC invocations=351 (full 24):
 PSYoungGen      total 391168K, used 13633K [0x00000000e0000000, 0x00000000ffd80000, 0x0000000100000000)
  eden space 271360K, 0% used [0x00000000e0000000,0x00000000e0000000,0x00000000f0900000)
  from space 119808K, 11% used [0x00000000f0900000,0x00000000f16506a8,0x00000000f7e00000)
  to   space 115712K, 0% used [0x00000000f8c80000,0x00000000f8c80000,0x00000000ffd80000)
 ParOldGen       total 609280K, used 493312K [0x00000000a0000000, 0x00000000c5300000, 0x00000000e0000000)
  object space 609280K, 80% used [0x00000000a0000000,0x00000000be1c0188,0x00000000c5300000)
 Metaspace       used 199857K, capacity 215264K, committed 215576K, reserved 1236992K
  class space    used 25168K, capacity 28098K, committed 28200K, reserved 1048576K
}
Event: 18914.532 GC heap before
{Heap before GC invocations=352 (full 24):
 PSYoungGen      total 391168K, used 284993K [0x00000000e0000000, 0x00000000ffd80000, 0x0000000100000000)
  eden space 271360K, 100% used [0x00000000e0000000,0x00000000f0900000,0x00000000f0900000)
  from space 119808K, 11% used [0x00000000f0900000,0x00000000f16506a8,0x00000000f7e00000)
  to   space 115712K, 0% used [0x00000000f8c80000,0x00000000f8c80000,0x00000000ffd80000)
 ParOldGen       total 609280K, used 493312K [0x00000000a0000000, 0x00000000c5300000, 0x00000000e0000000)
  object space 609280K, 80% used [0x00000000a0000000,0x00000000be1c0188,0x00000000c5300000)
 Metaspace       used 200150K, capacity 215642K, committed 215960K, reserved 1236992K
  class space    used 25205K, capacity 28145K, committed 28328K, reserved 1048576K
Event: 18914.662 GC heap after
Heap after GC invocations=352 (full 24):
 PSYoungGen      total 403968K, used 62174K [0x00000000e0000000, 0x0000000100000000, 0x0000000100000000)
  eden space 288256K, 0% used [0x00000000e0000000,0x00000000e0000000,0x00000000f1980000)
  from space 115712K, 53% used [0x00000000f8c80000,0x00000000fc937aa0,0x00000000ffd80000)
  to   space 117760K, 0% used [0x00000000f1980000,0x00000000f1980000,0x00000000f8c80000)
 ParOldGen       total 609280K, used 505358K [0x00000000a0000000, 0x00000000c5300000, 0x00000000e0000000)
  object space 609280K, 82% used [0x00000000a0000000,0x00000000bed83840,0x00000000c5300000)
 Metaspace       used 200150K, capacity 215642K, committed 215960K, reserved 1236992K
  class space    used 25205K, capacity 28145K, committed 28328K, reserved 1048576K
}
Event: 18915.238 GC heap before
{Heap before GC invocations=353 (full 24):
 PSYoungGen      total 403968K, used 350430K [0x00000000e0000000, 0x0000000100000000, 0x0000000100000000)
  eden space 288256K, 100% used [0x00000000e0000000,0x00000000f1980000,0x00000000f1980000)
  from space 115712K, 53% used [0x00000000f8c80000,0x00000000fc937aa0,0x00000000ffd80000)
  to   space 117760K, 0% used [0x00000000f1980000,0x00000000f1980000,0x00000000f8c80000)
 ParOldGen       total 609280K, used 505358K [0x00000000a0000000, 0x00000000c5300000, 0x00000000e0000000)
  object space 609280K, 82% used [0x00000000a0000000,0x00000000bed83840,0x00000000c5300000)
 Metaspace       used 200519K, capacity 216012K, committed 216216K, reserved 1236992K
  class space    used 25239K, capacity 28180K, committed 28328K, reserved 1048576K
Event: 18915.552 GC heap after
Heap after GC invocations=353 (full 24):
 PSYoungGen      total 359424K, used 70689K [0x00000000e0000000, 0x0000000100000000, 0x0000000100000000)
  eden space 288256K, 0% used [0x00000000e0000000,0x00000000e0000000,0x00000000f1980000)
  from space 71168K, 99% used [0x00000000f1980000,0x00000000f5e885e0,0x00000000f5f00000)
  to   space 121856K, 0% used [0x00000000f8900000,0x00000000f8900000,0x0000000100000000)
 ParOldGen       total 609280K, used 557926K [0x00000000a0000000, 0x00000000c5300000, 0x00000000e0000000)
  object space 609280K, 91% used [0x00000000a0000000,0x00000000c20d9a40,0x00000000c5300000)
 Metaspace       used 200519K, capacity 216012K, committed 216216K, reserved 1236992K
  class space    used 25239K, capacity 28180K, committed 28328K, reserved 1048576K
}
Event: 18915.552 GC heap before
{Heap before GC invocations=354 (full 25):
 PSYoungGen      total 359424K, used 70689K [0x00000000e0000000, 0x0000000100000000, 0x0000000100000000)
  eden space 288256K, 0% used [0x00000000e0000000,0x00000000e0000000,0x00000000f1980000)
  from space 71168K, 99% used [0x00000000f1980000,0x00000000f5e885e0,0x00000000f5f00000)
  to   space 121856K, 0% used [0x00000000f8900000,0x00000000f8900000,0x0000000100000000)
 ParOldGen       total 609280K, used 557926K [0x00000000a0000000, 0x00000000c5300000, 0x00000000e0000000)
  object space 609280K, 91% used [0x00000000a0000000,0x00000000c20d9a40,0x00000000c5300000)
 Metaspace       used 200519K, capacity 216012K, committed 216216K, reserved 1236992K
  class space    used 25239K, capacity 28180K, committed 28328K, reserved 1048576K

