# JRE version: OpenJDK Runtime Environment (8.0_202) (build 1.8.0_202-release-1483-b49-5587405)
# Java VM: OpenJDK 64-Bit Server VM (25.202-b49-5587405 mixed mode linux-amd64 compressed oops)
Heap:
 PSYoungGen      total 210944K, used 26598K [0x00000000e0000000, 0x00000000ef000000, 0x0000000100000000)
  eden space 184320K, 0% used [0x00000000e0000000,0x00000000e0000000,0x00000000eb400000)
  from space 26624K, 99% used [0x00000000eb400000,0x00000000ecdf9888,0x00000000ece00000)
  to   space 20480K, 0% used [0x00000000ece00000,0x00000000ece00000,0x00000000ee200000)
 ParOldGen       total 131584K, used 94042K [0x00000000a0000000, 0x00000000a8080000, 0x00000000e0000000)
  object space 131584K, 71% used [0x00000000a0000000,0x00000000a5bd6ad0,0x00000000a8080000)
 Metaspace       used 72315K, capacity 74484K, committed 74776K, reserved 1114112K
  class space    used 9657K, capacity 10171K, committed 10280K, reserved 1048576K
GC Heap History (10 events):
Event: 11.082 GC heap after
Heap after GC invocations=13 (full 2):
 PSYoungGen      total 149504K, used 14323K [0x00000000e0000000, 0x00000000ebb00000, 0x0000000100000000)
  eden space 135168K, 0% used [0x00000000e0000000,0x00000000e0000000,0x00000000e8400000)
  from space 14336K, 99% used [0x00000000e8400000,0x00000000e91fcd08,0x00000000e9200000)
  to   space 18432K, 0% used [0x00000000ea900000,0x00000000ea900000,0x00000000ebb00000)
 ParOldGen       total 92160K, used 26885K [0x00000000a0000000, 0x00000000a5a00000, 0x00000000e0000000)
  object space 92160K, 29% used [0x00000000a0000000,0x00000000a1a415f8,0x00000000a5a00000)
 Metaspace       used 55088K, capacity 56690K, committed 56744K, reserved 1097728K
  class space    used 7411K, capacity 7814K, committed 7848K, reserved 1048576K
}
Event: 11.560 GC heap before
{Heap before GC invocations=14 (full 2):
 PSYoungGen      total 149504K, used 49224K [0x00000000e0000000, 0x00000000ebb00000, 0x0000000100000000)
  eden space 135168K, 25% used [0x00000000e0000000,0x00000000e2215440,0x00000000e8400000)
  from space 14336K, 99% used [0x00000000e8400000,0x00000000e91fcd08,0x00000000e9200000)
  to   space 18432K, 0% used [0x00000000ea900000,0x00000000ea900000,0x00000000ebb00000)
 ParOldGen       total 92160K, used 26885K [0x00000000a0000000, 0x00000000a5a00000, 0x00000000e0000000)
  object space 92160K, 29% used [0x00000000a0000000,0x00000000a1a415f8,0x00000000a5a00000)
 Metaspace       used 57572K, capacity 59076K, committed 59160K, reserved 1099776K
  class space    used 7787K, capacity 8179K, committed 8232K, reserved 1048576K
Event: 11.583 GC heap after
Heap after GC invocations=14 (full 2):
 PSYoungGen      total 172544K, used 3083K [0x00000000e0000000, 0x00000000ece00000, 0x0000000100000000)
  eden space 154112K, 0% used [0x00000000e0000000,0x00000000e0000000,0x00000000e9680000)
  from space 18432K, 16% used [0x00000000ea900000,0x00000000eac02e48,0x00000000ebb00000)
  to   space 18944K, 0% used [0x00000000e9680000,0x00000000e9680000,0x00000000ea900000)
 ParOldGen       total 92160K, used 33854K [0x00000000a0000000, 0x00000000a5a00000, 0x00000000e0000000)
  object space 92160K, 36% used [0x00000000a0000000,0x00000000a210fab0,0x00000000a5a00000)
 Metaspace       used 57572K, capacity 59076K, committed 59160K, reserved 1099776K
  class space    used 7787K, capacity 8179K, committed 8232K, reserved 1048576K
}
Event: 11.583 GC heap before
{Heap before GC invocations=15 (full 3):
 PSYoungGen      total 172544K, used 3083K [0x00000000e0000000, 0x00000000ece00000, 0x0000000100000000)
  eden space 154112K, 0% used [0x00000000e0000000,0x00000000e0000000,0x00000000e9680000)
  from space 18432K, 16% used [0x00000000ea900000,0x00000000eac02e48,0x00000000ebb00000)
  to   space 18944K, 0% used [0x00000000e9680000,0x00000000e9680000,0x00000000ea900000)
 ParOldGen       total 92160K, used 33854K [0x00000000a0000000, 0x00000000a5a00000, 0x00000000e0000000)
  object space 92160K, 36% used [0x00000000a0000000,0x00000000a210fab0,0x00000000a5a00000)
 Metaspace       used 57572K, capacity 59076K, committed 59160K, reserved 1099776K
  class space    used 7787K, capacity 8179K, committed 8232K, reserved 1048576K
Event: 11.804 GC heap after
Heap after GC invocations=15 (full 3):
 PSYoungGen      total 172544K, used 0K [0x00000000e0000000, 0x00000000ece00000, 0x0000000100000000)
  eden space 154112K, 0% used [0x00000000e0000000,0x00000000e0000000,0x00000000e9680000)
  from space 18432K, 0% used [0x00000000ea900000,0x00000000ea900000,0x00000000ebb00000)
  to   space 18944K, 0% used [0x00000000e9680000,0x00000000e9680000,0x00000000ea900000)
 ParOldGen       total 131584K, used 32300K [0x00000000a0000000, 0x00000000a8080000, 0x00000000e0000000)
  object space 131584K, 24% used [0x00000000a0000000,0x00000000a1f8b1e0,0x00000000a8080000)
 Metaspace       used 57572K, capacity 59076K, committed 59160K, reserved 1099776K
  class space    used 7787K, capacity 8179K, committed 8232K, reserved 1048576K
}
Event: 14.457 GC heap before
{Heap before GC invocations=16 (full 3):
 PSYoungGen      total 172544K, used 154112K [0x00000000e0000000, 0x00000000ece00000, 0x0000000100000000)
  eden space 154112K, 100% used [0x00000000e0000000,0x00000000e9680000,0x00000000e9680000)
  from space 18432K, 0% used [0x00000000ea900000,0x00000000ea900000,0x00000000ebb00000)
  to   space 18944K, 0% used [0x00000000e9680000,0x00000000e9680000,0x00000000ea900000)
 ParOldGen       total 131584K, used 32300K [0x00000000a0000000, 0x00000000a8080000, 0x00000000e0000000)
  object space 131584K, 24% used [0x00000000a0000000,0x00000000a1f8b1e0,0x00000000a8080000)
 Metaspace       used 61826K, capacity 63756K, committed 63896K, reserved 1103872K
  class space    used 8354K, capacity 8805K, committed 8872K, reserved 1048576K
Event: 14.493 GC heap after
Heap after GC invocations=16 (full 3):
 PSYoungGen      total 173056K, used 16311K [0x00000000e0000000, 0x00000000ee200000, 0x0000000100000000)
  eden space 154112K, 0% used [0x00000000e0000000,0x00000000e0000000,0x00000000e9680000)
  from space 18944K, 86% used [0x00000000e9680000,0x00000000ea66dce0,0x00000000ea900000)
  to   space 20480K, 0% used [0x00000000ece00000,0x00000000ece00000,0x00000000ee200000)
 ParOldGen       total 131584K, used 32308K [0x00000000a0000000, 0x00000000a8080000, 0x00000000e0000000)
  object space 131584K, 24% used [0x00000000a0000000,0x00000000a1f8d1e0,0x00000000a8080000)
 Metaspace       used 61826K, capacity 63756K, committed 63896K, reserved 1103872K
  class space    used 8354K, capacity 8805K, committed 8872K, reserved 1048576K
}
Event: 17.813 GC heap before
{Heap before GC invocations=17 (full 3):
 PSYoungGen      total 173056K, used 170423K [0x00000000e0000000, 0x00000000ee200000, 0x0000000100000000)
  eden space 154112K, 100% used [0x00000000e0000000,0x00000000e9680000,0x00000000e9680000)
  from space 18944K, 86% used [0x00000000e9680000,0x00000000ea66dce0,0x00000000ea900000)
  to   space 20480K, 0% used [0x00000000ece00000,0x00000000ece00000,0x00000000ee200000)
 ParOldGen       total 131584K, used 32308K [0x00000000a0000000, 0x00000000a8080000, 0x00000000e0000000)
  object space 131584K, 24% used [0x00000000a0000000,0x00000000a1f8d1e0,0x00000000a8080000)
 Metaspace       used 66629K, capacity 68802K, committed 69016K, reserved 1107968K
  class space    used 9030K, capacity 9554K, committed 9640K, reserved 1048576K
Event: 17.913 GC heap after
Heap after GC invocations=17 (full 3):
 PSYoungGen      total 204800K, used 20465K [0x00000000e0000000, 0x00000000ef000000, 0x0000000100000000)
  eden space 184320K, 0% used [0x00000000e0000000,0x00000000e0000000,0x00000000eb400000)
  from space 20480K, 99% used [0x00000000ece00000,0x00000000ee1fc520,0x00000000ee200000)
  to   space 26624K, 0% used [0x00000000eb400000,0x00000000eb400000,0x00000000ece00000)
 ParOldGen       total 131584K, used 41306K [0x00000000a0000000, 0x00000000a8080000, 0x00000000e0000000)
  object space 131584K, 31% used [0x00000000a0000000,0x00000000a2856ba0,0x00000000a8080000)
 Metaspace       used 66629K, capacity 68802K, committed 69016K, reserved 1107968K
  class space    used 9030K, capacity 9554K, committed 9640K, reserved 1048576K
}
Event: 19.925 GC heap before
{Heap before GC invocations=18 (full 3):
 PSYoungGen      total 204800K, used 204785K [0x00000000e0000000, 0x00000000ef000000, 0x0000000100000000)
  eden space 184320K, 100% used [0x00000000e0000000,0x00000000eb400000,0x00000000eb400000)
  from space 20480K, 99% used [0x00000000ece00000,0x00000000ee1fc520,0x00000000ee200000)
  to   space 26624K, 0% used [0x00000000eb400000,0x00000000eb400000,0x00000000ece00000)
 ParOldGen       total 131584K, used 41306K [0x00000000a0000000, 0x00000000a8080000, 0x00000000e0000000)
  object space 131584K, 31% used [0x00000000a0000000,0x00000000a2856ba0,0x00000000a8080000)
 Metaspace       used 72315K, capacity 74484K, committed 74776K, reserved 1114112K
  class space    used 9657K, capacity 10171K, committed 10280K, reserved 1048576K

