# JRE version: OpenJDK Runtime Environment (8.0_202) (build 1.8.0_202-release-1483-b49-5587405)
# Java VM: OpenJDK 64-Bit Server VM (25.202-b49-5587405 mixed mode linux-amd64 compressed oops)
Heap:
 PSYoungGen      total 337920K, used 67229K [0x00000000e0000000, 0x00000000fb280000, 0x0000000100000000)
  eden space 269824K, 0% used [0x00000000e0000000,0x00000000e0000000,0x00000000f0780000)
  from space 68096K, 98% used [0x00000000f7000000,0x00000000fb1a7518,0x00000000fb280000)
  to   space 72704K, 0% used [0x00000000f0780000,0x00000000f0780000,0x00000000f4e80000)
 ParOldGen       total 212480K, used 53715K [0x00000000a0000000, 0x00000000acf80000, 0x00000000e0000000)
  object space 212480K, 25% used [0x00000000a0000000,0x00000000a3474c88,0x00000000acf80000)
 Metaspace       used 103620K, capacity 110662K, committed 111016K, reserved 1146880K
  class space    used 13103K, capacity 14405K, committed 14504K, reserved 1048576K
GC Heap History (10 events):
Event: 8939.294 GC heap after
Heap after GC invocations=45 (full 6):
 PSYoungGen      total 282624K, used 11704K [0x00000000e0000000, 0x00000000f6e80000, 0x0000000100000000)
  eden space 206336K, 0% used [0x00000000e0000000,0x00000000e0000000,0x00000000ec980000)
  from space 76288K, 15% used [0x00000000ec980000,0x00000000ed4ee290,0x00000000f1400000)
  to   space 73728K, 0% used [0x00000000f2680000,0x00000000f2680000,0x00000000f6e80000)
 ParOldGen       total 212480K, used 52939K [0x00000000a0000000, 0x00000000acf80000, 0x00000000e0000000)
  object space 212480K, 24% used [0x00000000a0000000,0x00000000a33b2c88,0x00000000acf80000)
 Metaspace       used 101455K, capacity 108246K, committed 108328K, reserved 1142784K
  class space    used 12863K, capacity 14079K, committed 14120K, reserved 1048576K
}
Event: 8939.714 GC heap before
{Heap before GC invocations=46 (full 6):
 PSYoungGen      total 282624K, used 218040K [0x00000000e0000000, 0x00000000f6e80000, 0x0000000100000000)
  eden space 206336K, 100% used [0x00000000e0000000,0x00000000ec980000,0x00000000ec980000)
  from space 76288K, 15% used [0x00000000ec980000,0x00000000ed4ee290,0x00000000f1400000)
  to   space 73728K, 0% used [0x00000000f2680000,0x00000000f2680000,0x00000000f6e80000)
 ParOldGen       total 212480K, used 52939K [0x00000000a0000000, 0x00000000acf80000, 0x00000000e0000000)
  object space 212480K, 24% used [0x00000000a0000000,0x00000000a33b2c88,0x00000000acf80000)
 Metaspace       used 101502K, capacity 108246K, committed 108328K, reserved 1142784K
  class space    used 12863K, capacity 14079K, committed 14120K, reserved 1048576K
Event: 8939.733 GC heap after
Heap after GC invocations=46 (full 6):
 PSYoungGen      total 300544K, used 11336K [0x00000000e0000000, 0x00000000f6b00000, 0x0000000100000000)
  eden space 230400K, 0% used [0x00000000e0000000,0x00000000e0000000,0x00000000ee100000)
  from space 70144K, 16% used [0x00000000f2680000,0x00000000f31922e0,0x00000000f6b00000)
  to   space 70656K, 0% used [0x00000000ee100000,0x00000000ee100000,0x00000000f2600000)
 ParOldGen       total 212480K, used 52947K [0x00000000a0000000, 0x00000000acf80000, 0x00000000e0000000)
  object space 212480K, 24% used [0x00000000a0000000,0x00000000a33b4c88,0x00000000acf80000)
 Metaspace       used 101502K, capacity 108246K, committed 108328K, reserved 1142784K
  class space    used 12863K, capacity 14079K, committed 14120K, reserved 1048576K
}
Event: 8940.534 GC heap before
{Heap before GC invocations=47 (full 6):
 PSYoungGen      total 300544K, used 241736K [0x00000000e0000000, 0x00000000f6b00000, 0x0000000100000000)
  eden space 230400K, 100% used [0x00000000e0000000,0x00000000ee100000,0x00000000ee100000)
  from space 70144K, 16% used [0x00000000f2680000,0x00000000f31922e0,0x00000000f6b00000)
  to   space 70656K, 0% used [0x00000000ee100000,0x00000000ee100000,0x00000000f2600000)
 ParOldGen       total 212480K, used 52947K [0x00000000a0000000, 0x00000000acf80000, 0x00000000e0000000)
  object space 212480K, 24% used [0x00000000a0000000,0x00000000a33b4c88,0x00000000acf80000)
 Metaspace       used 102236K, capacity 109000K, committed 109224K, reserved 1144832K
  class space    used 12937K, capacity 14184K, committed 14248K, reserved 1048576K
Event: 8940.799 GC heap after
Heap after GC invocations=47 (full 6):
 PSYoungGen      total 301056K, used 49189K [0x00000000e0000000, 0x00000000f9d80000, 0x0000000100000000)
  eden space 230400K, 0% used [0x00000000e0000000,0x00000000e0000000,0x00000000ee100000)
  from space 70656K, 69% used [0x00000000ee100000,0x00000000f11095a0,0x00000000f2600000)
  to   space 75776K, 0% used [0x00000000f5380000,0x00000000f5380000,0x00000000f9d80000)
 ParOldGen       total 212480K, used 52947K [0x00000000a0000000, 0x00000000acf80000, 0x00000000e0000000)
  object space 212480K, 24% used [0x00000000a0000000,0x00000000a33b4c88,0x00000000acf80000)
 Metaspace       used 102236K, capacity 109000K, committed 109224K, reserved 1144832K
  class space    used 12937K, capacity 14184K, committed 14248K, reserved 1048576K
}
Event: 8943.033 GC heap before
{Heap before GC invocations=48 (full 6):
 PSYoungGen      total 301056K, used 279589K [0x00000000e0000000, 0x00000000f9d80000, 0x0000000100000000)
  eden space 230400K, 100% used [0x00000000e0000000,0x00000000ee100000,0x00000000ee100000)
  from space 70656K, 69% used [0x00000000ee100000,0x00000000f11095a0,0x00000000f2600000)
  to   space 75776K, 0% used [0x00000000f5380000,0x00000000f5380000,0x00000000f9d80000)
 ParOldGen       total 212480K, used 52947K [0x00000000a0000000, 0x00000000acf80000, 0x00000000e0000000)
  object space 212480K, 24% used [0x00000000a0000000,0x00000000a33b4c88,0x00000000acf80000)
 Metaspace       used 102929K, capacity 109890K, committed 110120K, reserved 1144832K
  class space    used 13047K, capacity 14323K, committed 14376K, reserved 1048576K
Event: 8943.099 GC heap after
Heap after GC invocations=48 (full 6):
 PSYoungGen      total 337408K, used 29582K [0x00000000e0000000, 0x00000000f9580000, 0x0000000100000000)
  eden space 269824K, 0% used [0x00000000e0000000,0x00000000e0000000,0x00000000f0780000)
  from space 67584K, 43% used [0x00000000f5380000,0x00000000f7063b98,0x00000000f9580000)
  to   space 72704K, 0% used [0x00000000f0780000,0x00000000f0780000,0x00000000f4e80000)
 ParOldGen       total 212480K, used 52955K [0x00000000a0000000, 0x00000000acf80000, 0x00000000e0000000)
  object space 212480K, 24% used [0x00000000a0000000,0x00000000a33b6c88,0x00000000acf80000)
 Metaspace       used 102929K, capacity 109890K, committed 110120K, reserved 1144832K
  class space    used 13047K, capacity 14323K, committed 14376K, reserved 1048576K
}
Event: 8944.401 GC heap before
{Heap before GC invocations=49 (full 6):
 PSYoungGen      total 337408K, used 299321K [0x00000000e0000000, 0x00000000f9580000, 0x0000000100000000)
  eden space 269824K, 99% used [0x00000000e0000000,0x00000000f076abf0,0x00000000f0780000)
  from space 67584K, 43% used [0x00000000f5380000,0x00000000f7063b98,0x00000000f9580000)
  to   space 72704K, 0% used [0x00000000f0780000,0x00000000f0780000,0x00000000f4e80000)
 ParOldGen       total 212480K, used 52955K [0x00000000a0000000, 0x00000000acf80000, 0x00000000e0000000)
  object space 212480K, 24% used [0x00000000a0000000,0x00000000a33b6c88,0x00000000acf80000)
 Metaspace       used 103234K, capacity 110160K, committed 110376K, reserved 1144832K
  class space    used 13086K, capacity 14370K, committed 14376K, reserved 1048576K
Event: 8944.463 GC heap after
Heap after GC invocations=49 (full 6):
 PSYoungGen      total 342528K, used 25895K [0x00000000e0000000, 0x00000000fb280000, 0x0000000100000000)
  eden space 269824K, 0% used [0x00000000e0000000,0x00000000e0000000,0x00000000f0780000)
  from space 72704K, 35% used [0x00000000f0780000,0x00000000f20c9db8,0x00000000f4e80000)
  to   space 68096K, 0% used [0x00000000f7000000,0x00000000f7000000,0x00000000fb280000)
 ParOldGen       total 212480K, used 53491K [0x00000000a0000000, 0x00000000acf80000, 0x00000000e0000000)
  object space 212480K, 25% used [0x00000000a0000000,0x00000000a343cc88,0x00000000acf80000)
 Metaspace       used 103234K, capacity 110160K, committed 110376K, reserved 1144832K
  class space    used 13086K, capacity 14370K, committed 14376K, reserved 1048576K
}
Event: 8947.672 GC heap before
{Heap before GC invocations=50 (full 6):
 PSYoungGen      total 342528K, used 295719K [0x00000000e0000000, 0x00000000fb280000, 0x0000000100000000)
  eden space 269824K, 100% used [0x00000000e0000000,0x00000000f0780000,0x00000000f0780000)
  from space 72704K, 35% used [0x00000000f0780000,0x00000000f20c9db8,0x00000000f4e80000)
  to   space 68096K, 0% used [0x00000000f7000000,0x00000000f7000000,0x00000000fb280000)
 ParOldGen       total 212480K, used 53491K [0x00000000a0000000, 0x00000000acf80000, 0x00000000e0000000)
  object space 212480K, 25% used [0x00000000a0000000,0x00000000a343cc88,0x00000000acf80000)
 Metaspace       used 103620K, capacity 110662K, committed 111016K, reserved 1146880K
  class space    used 13103K, capacity 14405K, committed 14504K, reserved 1048576K

