# JRE version: OpenJDK Runtime Environment (8.0_202) (build 1.8.0_202-release-1483-b49-5587405)
# Java VM: OpenJDK 64-Bit Server VM (25.202-b49-5587405 mixed mode linux-amd64 compressed oops)
Heap:
 PSYoungGen      total 205824K, used 17939K [0x00000000e0000000, 0x00000000ede80000, 0x0000000100000000)
  eden space 184832K, 0% used [0x00000000e0000000,0x00000000e0000000,0x00000000eb480000)
  from space 20992K, 85% used [0x00000000eb480000,0x00000000ec604f10,0x00000000ec900000)
  to   space 17408K, 0% used [0x00000000ec900000,0x00000000ec900000,0x00000000eda00000)
 ParOldGen       total 141312K, used 35716K [0x00000000a0000000, 0x00000000a8a00000, 0x00000000e0000000)
  object space 141312K, 25% used [0x00000000a0000000,0x00000000a22e12c8,0x00000000a8a00000)
 Metaspace       used 61907K, capacity 63798K, committed 63896K, reserved 1103872K
  class space    used 8359K, capacity 8790K, committed 8856K, reserved 1048576K
GC Heap History (10 events):
Event: 9.465 GC heap after
Heap after GC invocations=9 (full 1):
 PSYoungGen      total 165376K, used 9669K [0x00000000e0000000, 0x00000000eda80000, 0x0000000100000000)
  eden space 152576K, 0% used [0x00000000e0000000,0x00000000e0000000,0x00000000e9500000)
  from space 12800K, 75% used [0x00000000ea200000,0x00000000eab71618,0x00000000eae80000)
  to   space 13312K, 0% used [0x00000000e9500000,0x00000000e9500000,0x00000000ea200000)
 ParOldGen       total 63488K, used 10798K [0x00000000a0000000, 0x00000000a3e00000, 0x00000000e0000000)
  object space 63488K, 17% used [0x00000000a0000000,0x00000000a0a8b818,0x00000000a3e00000)
 Metaspace       used 34629K, capacity 35448K, committed 35496K, reserved 1079296K
  class space    used 4768K, capacity 5023K, committed 5032K, reserved 1048576K
}
Event: 9.465 GC heap before
{Heap before GC invocations=10 (full 2):
 PSYoungGen      total 165376K, used 9669K [0x00000000e0000000, 0x00000000eda80000, 0x0000000100000000)
  eden space 152576K, 0% used [0x00000000e0000000,0x00000000e0000000,0x00000000e9500000)
  from space 12800K, 75% used [0x00000000ea200000,0x00000000eab71618,0x00000000eae80000)
  to   space 13312K, 0% used [0x00000000e9500000,0x00000000e9500000,0x00000000ea200000)
 ParOldGen       total 63488K, used 10798K [0x00000000a0000000, 0x00000000a3e00000, 0x00000000e0000000)
  object space 63488K, 17% used [0x00000000a0000000,0x00000000a0a8b818,0x00000000a3e00000)
 Metaspace       used 34629K, capacity 35448K, committed 35496K, reserved 1079296K
  class space    used 4768K, capacity 5023K, committed 5032K, reserved 1048576K
Event: 9.673 GC heap after
Heap after GC invocations=10 (full 2):
 PSYoungGen      total 165376K, used 0K [0x00000000e0000000, 0x00000000eda80000, 0x0000000100000000)
  eden space 152576K, 0% used [0x00000000e0000000,0x00000000e0000000,0x00000000e9500000)
  from space 12800K, 0% used [0x00000000ea200000,0x00000000ea200000,0x00000000eae80000)
  to   space 13312K, 0% used [0x00000000e9500000,0x00000000e9500000,0x00000000ea200000)
 ParOldGen       total 94720K, used 16256K [0x00000000a0000000, 0x00000000a5c80000, 0x00000000e0000000)
  object space 94720K, 17% used [0x00000000a0000000,0x00000000a0fe01b0,0x00000000a5c80000)
 Metaspace       used 34626K, capacity 35436K, committed 35496K, reserved 1079296K
  class space    used 4767K, capacity 5021K, committed 5032K, reserved 1048576K
}
Event: 85.865 GC heap before
{Heap before GC invocations=11 (full 2):
 PSYoungGen      total 165376K, used 152576K [0x00000000e0000000, 0x00000000eda80000, 0x0000000100000000)
  eden space 152576K, 100% used [0x00000000e0000000,0x00000000e9500000,0x00000000e9500000)
  from space 12800K, 0% used [0x00000000ea200000,0x00000000ea200000,0x00000000eae80000)
  to   space 13312K, 0% used [0x00000000e9500000,0x00000000e9500000,0x00000000ea200000)
 ParOldGen       total 94720K, used 16256K [0x00000000a0000000, 0x00000000a5c80000, 0x00000000e0000000)
  object space 94720K, 17% used [0x00000000a0000000,0x00000000a0fe01b0,0x00000000a5c80000)
 Metaspace       used 48788K, capacity 50050K, committed 50216K, reserved 1093632K
  class space    used 6547K, capacity 6924K, committed 6952K, reserved 1048576K
Event: 86.054 GC heap after
Heap after GC invocations=11 (full 2):
 PSYoungGen      total 165888K, used 13291K [0x00000000e0000000, 0x00000000eda00000, 0x0000000100000000)
  eden space 152576K, 0% used [0x00000000e0000000,0x00000000e0000000,0x00000000e9500000)
  from space 13312K, 99% used [0x00000000e9500000,0x00000000ea1faca0,0x00000000ea200000)
  to   space 17408K, 0% used [0x00000000ec900000,0x00000000ec900000,0x00000000eda00000)
 ParOldGen       total 94720K, used 22016K [0x00000000a0000000, 0x00000000a5c80000, 0x00000000e0000000)
  object space 94720K, 23% used [0x00000000a0000000,0x00000000a1580098,0x00000000a5c80000)
 Metaspace       used 48788K, capacity 50050K, committed 50216K, reserved 1093632K
  class space    used 6547K, capacity 6924K, committed 6952K, reserved 1048576K
}
Event: 90.798 GC heap before
{Heap before GC invocations=12 (full 2):
 PSYoungGen      total 165888K, used 119037K [0x00000000e0000000, 0x00000000eda00000, 0x0000000100000000)
  eden space 152576K, 69% used [0x00000000e0000000,0x00000000e6744a70,0x00000000e9500000)
  from space 13312K, 99% used [0x00000000e9500000,0x00000000ea1faca0,0x00000000ea200000)
  to   space 17408K, 0% used [0x00000000ec900000,0x00000000ec900000,0x00000000eda00000)
 ParOldGen       total 94720K, used 22016K [0x00000000a0000000, 0x00000000a5c80000, 0x00000000e0000000)
  object space 94720K, 23% used [0x00000000a0000000,0x00000000a1580098,0x00000000a5c80000)
 Metaspace       used 57497K, capacity 59044K, committed 59160K, reserved 1099776K
  class space    used 7759K, capacity 8147K, committed 8216K, reserved 1048576K
Event: 90.842 GC heap after
Heap after GC invocations=12 (full 2):
 PSYoungGen      total 202240K, used 17391K [0x00000000e0000000, 0x00000000ede80000, 0x0000000100000000)
  eden space 184832K, 0% used [0x00000000e0000000,0x00000000e0000000,0x00000000eb480000)
  from space 17408K, 99% used [0x00000000ec900000,0x00000000ed9fbc40,0x00000000eda00000)
  to   space 20992K, 0% used [0x00000000eb480000,0x00000000eb480000,0x00000000ec900000)
 ParOldGen       total 94720K, used 25814K [0x00000000a0000000, 0x00000000a5c80000, 0x00000000e0000000)
  object space 94720K, 27% used [0x00000000a0000000,0x00000000a1935ae8,0x00000000a5c80000)
 Metaspace       used 57497K, capacity 59044K, committed 59160K, reserved 1099776K
  class space    used 7759K, capacity 8147K, committed 8216K, reserved 1048576K
}
Event: 90.842 GC heap before
{Heap before GC invocations=13 (full 3):
 PSYoungGen      total 202240K, used 17391K [0x00000000e0000000, 0x00000000ede80000, 0x0000000100000000)
  eden space 184832K, 0% used [0x00000000e0000000,0x00000000e0000000,0x00000000eb480000)
  from space 17408K, 99% used [0x00000000ec900000,0x00000000ed9fbc40,0x00000000eda00000)
  to   space 20992K, 0% used [0x00000000eb480000,0x00000000eb480000,0x00000000ec900000)
 ParOldGen       total 94720K, used 25814K [0x00000000a0000000, 0x00000000a5c80000, 0x00000000e0000000)
  object space 94720K, 27% used [0x00000000a0000000,0x00000000a1935ae8,0x00000000a5c80000)
 Metaspace       used 57497K, capacity 59044K, committed 59160K, reserved 1099776K
  class space    used 7759K, capacity 8147K, committed 8216K, reserved 1048576K
Event: 91.481 GC heap after
Heap after GC invocations=13 (full 3):
 PSYoungGen      total 202240K, used 0K [0x00000000e0000000, 0x00000000ede80000, 0x0000000100000000)
  eden space 184832K, 0% used [0x00000000e0000000,0x00000000e0000000,0x00000000eb480000)
  from space 17408K, 0% used [0x00000000ec900000,0x00000000ec900000,0x00000000eda00000)
  to   space 20992K, 0% used [0x00000000eb480000,0x00000000eb480000,0x00000000ec900000)
 ParOldGen       total 141312K, used 35708K [0x00000000a0000000, 0x00000000a8a00000, 0x00000000e0000000)
  object space 141312K, 25% used [0x00000000a0000000,0x00000000a22df2c8,0x00000000a8a00000)
 Metaspace       used 57497K, capacity 59044K, committed 59160K, reserved 1099776K
  class space    used 7759K, capacity 8147K, committed 8216K, reserved 1048576K
}
Event: 102.627 GC heap before
{Heap before GC invocations=14 (full 3):
 PSYoungGen      total 202240K, used 184832K [0x00000000e0000000, 0x00000000ede80000, 0x0000000100000000)
  eden space 184832K, 100% used [0x00000000e0000000,0x00000000eb480000,0x00000000eb480000)
  from space 17408K, 0% used [0x00000000ec900000,0x00000000ec900000,0x00000000eda00000)
  to   space 20992K, 0% used [0x00000000eb480000,0x00000000eb480000,0x00000000ec900000)
 ParOldGen       total 141312K, used 35708K [0x00000000a0000000, 0x00000000a8a00000, 0x00000000e0000000)
  object space 141312K, 25% used [0x00000000a0000000,0x00000000a22df2c8,0x00000000a8a00000)
 Metaspace       used 61907K, capacity 63798K, committed 63896K, reserved 1103872K
  class space    used 8359K, capacity 8790K, committed 8856K, reserved 1048576K

