# JRE version: OpenJDK Runtime Environment (8.0_202) (build 1.8.0_202-release-1483-b49-5587405)
# Java VM: OpenJDK 64-Bit Server VM (25.202-b49-5587405 mixed mode linux-amd64 compressed oops)
Heap:
 PSYoungGen      total 379904K, used 0K [0x00000000e0000000, 0x0000000100000000, 0x0000000100000000)
  eden space 300032K, 0% used [0x00000000e0000000,0x00000000e0000000,0x00000000f2500000)
  from space 79872K, 0% used [0x00000000fb200000,0x00000000fb200000,0x0000000100000000)
  to   space 112128K, 0% used [0x00000000f2500000,0x00000000f2500000,0x00000000f9280000)
 ParOldGen       total 573440K, used 250306K [0x00000000a0000000, 0x00000000c3000000, 0x00000000e0000000)
  object space 573440K, 43% used [0x00000000a0000000,0x00000000af470918,0x00000000c3000000)
 Metaspace       used 120411K, capacity 129162K, committed 132992K, reserved 1165312K
  class space    used 14718K, capacity 16202K, committed 17024K, reserved 1048576K
GC Heap History (10 events):
Event: 39784.422 GC heap after
Heap after GC invocations=425 (full 25):
 PSYoungGen      total 438784K, used 5397K [0x00000000e0000000, 0x00000000fff80000, 0x0000000100000000)
  eden space 360960K, 0% used [0x00000000e0000000,0x00000000e0000000,0x00000000f6080000)
  from space 77824K, 6% used [0x00000000fad80000,0x00000000fb2c5580,0x00000000ff980000)
  to   space 78848K, 0% used [0x00000000f6080000,0x00000000f6080000,0x00000000fad80000)
 ParOldGen       total 573440K, used 399836K [0x00000000a0000000, 0x00000000c3000000, 0x00000000e0000000)
  object space 573440K, 69% used [0x00000000a0000000,0x00000000b86773b0,0x00000000c3000000)
 Metaspace       used 120414K, capacity 129168K, committed 132992K, reserved 1165312K
  class space    used 14718K, capacity 16204K, committed 17024K, reserved 1048576K
}
Event: 39784.865 GC heap before
{Heap before GC invocations=426 (full 25):
 PSYoungGen      total 438784K, used 366357K [0x00000000e0000000, 0x00000000fff80000, 0x0000000100000000)
  eden space 360960K, 100% used [0x00000000e0000000,0x00000000f6080000,0x00000000f6080000)
  from space 77824K, 6% used [0x00000000fad80000,0x00000000fb2c5580,0x00000000ff980000)
  to   space 78848K, 0% used [0x00000000f6080000,0x00000000f6080000,0x00000000fad80000)
 ParOldGen       total 573440K, used 399836K [0x00000000a0000000, 0x00000000c3000000, 0x00000000e0000000)
  object space 573440K, 69% used [0x00000000a0000000,0x00000000b86773b0,0x00000000c3000000)
 Metaspace       used 120414K, capacity 129168K, committed 132992K, reserved 1165312K
  class space    used 14718K, capacity 16204K, committed 17024K, reserved 1048576K
Event: 39784.873 GC heap after
Heap after GC invocations=426 (full 25):
 PSYoungGen      total 439808K, used 96K [0x00000000e0000000, 0x0000000100000000, 0x0000000100000000)
  eden space 360960K, 0% used [0x00000000e0000000,0x00000000e0000000,0x00000000f6080000)
  from space 78848K, 0% used [0x00000000f6080000,0x00000000f6098000,0x00000000fad80000)
  to   space 79872K, 0% used [0x00000000fb200000,0x00000000fb200000,0x0000000100000000)
 ParOldGen       total 573440K, used 404653K [0x00000000a0000000, 0x00000000c3000000, 0x00000000e0000000)
  object space 573440K, 70% used [0x00000000a0000000,0x00000000b8b2b560,0x00000000c3000000)
 Metaspace       used 120414K, capacity 129168K, committed 132992K, reserved 1165312K
  class space    used 14718K, capacity 16204K, committed 17024K, reserved 1048576K
}
Event: 39785.435 GC heap before
{Heap before GC invocations=427 (full 25):
 PSYoungGen      total 439808K, used 361056K [0x00000000e0000000, 0x0000000100000000, 0x0000000100000000)
  eden space 360960K, 100% used [0x00000000e0000000,0x00000000f6080000,0x00000000f6080000)
  from space 78848K, 0% used [0x00000000f6080000,0x00000000f6098000,0x00000000fad80000)
  to   space 79872K, 0% used [0x00000000fb200000,0x00000000fb200000,0x0000000100000000)
 ParOldGen       total 573440K, used 404653K [0x00000000a0000000, 0x00000000c3000000, 0x00000000e0000000)
  object space 573440K, 70% used [0x00000000a0000000,0x00000000b8b2b560,0x00000000c3000000)
 Metaspace       used 120414K, capacity 129168K, committed 132992K, reserved 1165312K
  class space    used 14718K, capacity 16204K, committed 17024K, reserved 1048576K
Event: 39785.441 GC heap after
Heap after GC invocations=427 (full 25):
 PSYoungGen      total 444928K, used 96K [0x00000000e0000000, 0x0000000100000000, 0x0000000100000000)
  eden space 365056K, 0% used [0x00000000e0000000,0x00000000e0000000,0x00000000f6480000)
  from space 79872K, 0% used [0x00000000fb200000,0x00000000fb218000,0x0000000100000000)
  to   space 79360K, 0% used [0x00000000f6480000,0x00000000f6480000,0x00000000fb200000)
 ParOldGen       total 573440K, used 404661K [0x00000000a0000000, 0x00000000c3000000, 0x00000000e0000000)
  object space 573440K, 70% used [0x00000000a0000000,0x00000000b8b2d560,0x00000000c3000000)
 Metaspace       used 120414K, capacity 129168K, committed 132992K, reserved 1165312K
  class space    used 14718K, capacity 16204K, committed 17024K, reserved 1048576K
}
Event: 39786.548 GC heap before
{Heap before GC invocations=428 (full 25):
 PSYoungGen      total 444928K, used 365152K [0x00000000e0000000, 0x0000000100000000, 0x0000000100000000)
  eden space 365056K, 100% used [0x00000000e0000000,0x00000000f6480000,0x00000000f6480000)
  from space 79872K, 0% used [0x00000000fb200000,0x00000000fb218000,0x0000000100000000)
  to   space 79360K, 0% used [0x00000000f6480000,0x00000000f6480000,0x00000000fb200000)
 ParOldGen       total 573440K, used 404661K [0x00000000a0000000, 0x00000000c3000000, 0x00000000e0000000)
  object space 573440K, 70% used [0x00000000a0000000,0x00000000b8b2d560,0x00000000c3000000)
 Metaspace       used 120414K, capacity 129168K, committed 132992K, reserved 1165312K
  class space    used 14718K, capacity 16204K, committed 17024K, reserved 1048576K
Event: 39786.730 GC heap after
Heap after GC invocations=428 (full 25):
 PSYoungGen      total 444416K, used 79351K [0x00000000e0000000, 0x0000000100000000, 0x0000000100000000)
  eden space 365056K, 0% used [0x00000000e0000000,0x00000000e0000000,0x00000000f6480000)
  from space 79360K, 99% used [0x00000000f6480000,0x00000000fb1fdd00,0x00000000fb200000)
  to   space 79872K, 0% used [0x00000000fb200000,0x00000000fb200000,0x0000000100000000)
 ParOldGen       total 573440K, used 474180K [0x00000000a0000000, 0x00000000c3000000, 0x00000000e0000000)
  object space 573440K, 82% used [0x00000000a0000000,0x00000000bcf11090,0x00000000c3000000)
 Metaspace       used 120414K, capacity 129168K, committed 132992K, reserved 1165312K
  class space    used 14718K, capacity 16204K, committed 17024K, reserved 1048576K
}
Event: 39788.261 GC heap before
{Heap before GC invocations=429 (full 25):
 PSYoungGen      total 444416K, used 433862K [0x00000000e0000000, 0x0000000100000000, 0x0000000100000000)
  eden space 365056K, 97% used [0x00000000e0000000,0x00000000f5a33ea8,0x00000000f6480000)
  from space 79360K, 99% used [0x00000000f6480000,0x00000000fb1fdd00,0x00000000fb200000)
  to   space 79872K, 0% used [0x00000000fb200000,0x00000000fb200000,0x0000000100000000)
 ParOldGen       total 573440K, used 474180K [0x00000000a0000000, 0x00000000c3000000, 0x00000000e0000000)
  object space 573440K, 82% used [0x00000000a0000000,0x00000000bcf11090,0x00000000c3000000)
 Metaspace       used 120415K, capacity 129168K, committed 132992K, reserved 1165312K
  class space    used 14718K, capacity 16204K, committed 17024K, reserved 1048576K
Event: 39788.378 GC heap after
Heap after GC invocations=429 (full 25):
 PSYoungGen      total 379904K, used 39343K [0x00000000e0000000, 0x0000000100000000, 0x0000000100000000)
  eden space 300032K, 0% used [0x00000000e0000000,0x00000000e0000000,0x00000000f2500000)
  from space 79872K, 49% used [0x00000000fb200000,0x00000000fd86bf88,0x0000000100000000)
  to   space 112128K, 0% used [0x00000000f2500000,0x00000000f2500000,0x00000000f9280000)
 ParOldGen       total 573440K, used 539443K [0x00000000a0000000, 0x00000000c3000000, 0x00000000e0000000)
  object space 573440K, 94% used [0x00000000a0000000,0x00000000c0eccde0,0x00000000c3000000)
 Metaspace       used 120415K, capacity 129168K, committed 132992K, reserved 1165312K
  class space    used 14718K, capacity 16204K, committed 17024K, reserved 1048576K
}
Event: 39788.379 GC heap before
{Heap before GC invocations=430 (full 26):
 PSYoungGen      total 379904K, used 39343K [0x00000000e0000000, 0x0000000100000000, 0x0000000100000000)
  eden space 300032K, 0% used [0x00000000e0000000,0x00000000e0000000,0x00000000f2500000)
  from space 79872K, 49% used [0x00000000fb200000,0x00000000fd86bf88,0x0000000100000000)
  to   space 112128K, 0% used [0x00000000f2500000,0x00000000f2500000,0x00000000f9280000)
 ParOldGen       total 573440K, used 539443K [0x00000000a0000000, 0x00000000c3000000, 0x00000000e0000000)
  object space 573440K, 94% used [0x00000000a0000000,0x00000000c0eccde0,0x00000000c3000000)
 Metaspace       used 120415K, capacity 129168K, committed 132992K, reserved 1165312K
  class space    used 14718K, capacity 16204K, committed 17024K, reserved 1048576K

