# JRE version: OpenJDK Runtime Environment (8.0_202) (build 1.8.0_202-release-1483-b49-5587405)
# Java VM: OpenJDK 64-Bit Server VM (25.202-b49-5587405 mixed mode linux-amd64 compressed oops)
Heap:
 PSYoungGen      total 421376K, used 0K [0x00000000e0000000, 0x00000000ff800000, 0x0000000100000000)
  eden space 335872K, 0% used [0x00000000e0000000,0x00000000e0000000,0x00000000f4800000)
  from space 85504K, 0% used [0x00000000fa480000,0x00000000fa480000,0x00000000ff800000)
  to   space 90112K, 0% used [0x00000000f4800000,0x00000000f4800000,0x00000000fa000000)
 ParOldGen       total 594432K, used 315393K [0x00000000a0000000, 0x00000000c4480000, 0x00000000e0000000)
  object space 594432K, 53% used [0x00000000a0000000,0x00000000b3400690,0x00000000c4480000)
 Metaspace       used 226923K, capacity 240404K, committed 241868K, reserved 1261568K
  class space    used 27775K, capacity 30159K, committed 30720K, reserved 1048576K
GC Heap History (10 events):
Event: 24817.549 GC heap after
Heap after GC invocations=333 (full 19):
 PSYoungGen      total 413184K, used 45059K [0x00000000e0000000, 0x0000000100000000, 0x0000000100000000)
  eden space 318464K, 0% used [0x00000000e0000000,0x00000000e0000000,0x00000000f3700000)
  from space 94720K, 47% used [0x00000000fa380000,0x00000000fcf80c90,0x0000000100000000)
  to   space 102912K, 0% used [0x00000000f3700000,0x00000000f3700000,0x00000000f9b80000)
 ParOldGen       total 594432K, used 391796K [0x00000000a0000000, 0x00000000c4480000, 0x00000000e0000000)
  object space 594432K, 65% used [0x00000000a0000000,0x00000000b7e9d370,0x00000000c4480000)
 Metaspace       used 227713K, capacity 241300K, committed 241868K, reserved 1261568K
  class space    used 27852K, capacity 30268K, committed 30720K, reserved 1048576K
}
Event: 24817.997 GC heap before
{Heap before GC invocations=334 (full 19):
 PSYoungGen      total 413184K, used 363523K [0x00000000e0000000, 0x0000000100000000, 0x0000000100000000)
  eden space 318464K, 100% used [0x00000000e0000000,0x00000000f3700000,0x00000000f3700000)
  from space 94720K, 47% used [0x00000000fa380000,0x00000000fcf80c90,0x0000000100000000)
  to   space 102912K, 0% used [0x00000000f3700000,0x00000000f3700000,0x00000000f9b80000)
 ParOldGen       total 594432K, used 391812K [0x00000000a0000000, 0x00000000c4480000, 0x00000000e0000000)
  object space 594432K, 65% used [0x00000000a0000000,0x00000000b7ea1380,0x00000000c4480000)
 Metaspace       used 227714K, capacity 241300K, committed 241868K, reserved 1261568K
  class space    used 27852K, capacity 30268K, committed 30720K, reserved 1048576K
Event: 24818.090 GC heap after
Heap after GC invocations=334 (full 19):
 PSYoungGen      total 421376K, used 53582K [0x00000000e0000000, 0x0000000100000000, 0x0000000100000000)
  eden space 318464K, 0% used [0x00000000e0000000,0x00000000e0000000,0x00000000f3700000)
  from space 102912K, 52% used [0x00000000f3700000,0x00000000f6b53af8,0x00000000f9b80000)
  to   space 102400K, 0% used [0x00000000f9c00000,0x00000000f9c00000,0x0000000100000000)
 ParOldGen       total 594432K, used 425267K [0x00000000a0000000, 0x00000000c4480000, 0x00000000e0000000)
  object space 594432K, 71% used [0x00000000a0000000,0x00000000b9f4cc98,0x00000000c4480000)
 Metaspace       used 227714K, capacity 241300K, committed 241868K, reserved 1261568K
  class space    used 27852K, capacity 30268K, committed 30720K, reserved 1048576K
}
Event: 24818.525 GC heap before
{Heap before GC invocations=335 (full 19):
 PSYoungGen      total 421376K, used 372046K [0x00000000e0000000, 0x0000000100000000, 0x0000000100000000)
  eden space 318464K, 100% used [0x00000000e0000000,0x00000000f3700000,0x00000000f3700000)
  from space 102912K, 52% used [0x00000000f3700000,0x00000000f6b53af8,0x00000000f9b80000)
  to   space 102400K, 0% used [0x00000000f9c00000,0x00000000f9c00000,0x0000000100000000)
 ParOldGen       total 594432K, used 425268K [0x00000000a0000000, 0x00000000c4480000, 0x00000000e0000000)
  object space 594432K, 71% used [0x00000000a0000000,0x00000000b9f4d3a0,0x00000000c4480000)
 Metaspace       used 227718K, capacity 241300K, committed 241868K, reserved 1261568K
  class space    used 27852K, capacity 30268K, committed 30720K, reserved 1048576K
Event: 24818.621 GC heap after
Heap after GC invocations=335 (full 19):
 PSYoungGen      total 408576K, used 36665K [0x00000000e0000000, 0x00000000ff380000, 0x0000000100000000)
  eden space 318976K, 0% used [0x00000000e0000000,0x00000000e0000000,0x00000000f3780000)
  from space 89600K, 40% used [0x00000000f9c00000,0x00000000fbfce608,0x00000000ff380000)
  to   space 96256K, 0% used [0x00000000f3780000,0x00000000f3780000,0x00000000f9580000)
 ParOldGen       total 594432K, used 476970K [0x00000000a0000000, 0x00000000c4480000, 0x00000000e0000000)
  object space 594432K, 80% used [0x00000000a0000000,0x00000000bd1ca948,0x00000000c4480000)
 Metaspace       used 227718K, capacity 241300K, committed 241868K, reserved 1261568K
  class space    used 27852K, capacity 30268K, committed 30720K, reserved 1048576K
}
Event: 24819.164 GC heap before
{Heap before GC invocations=336 (full 19):
 PSYoungGen      total 408576K, used 355641K [0x00000000e0000000, 0x00000000ff380000, 0x0000000100000000)
  eden space 318976K, 100% used [0x00000000e0000000,0x00000000f3780000,0x00000000f3780000)
  from space 89600K, 40% used [0x00000000f9c00000,0x00000000fbfce608,0x00000000ff380000)
  to   space 96256K, 0% used [0x00000000f3780000,0x00000000f3780000,0x00000000f9580000)
 ParOldGen       total 594432K, used 476973K [0x00000000a0000000, 0x00000000c4480000, 0x00000000e0000000)
  object space 594432K, 80% used [0x00000000a0000000,0x00000000bd1cb518,0x00000000c4480000)
 Metaspace       used 227721K, capacity 241304K, committed 241868K, reserved 1261568K
  class space    used 27852K, capacity 30268K, committed 30720K, reserved 1048576K
Event: 24819.286 GC heap after
Heap after GC invocations=336 (full 19):
 PSYoungGen      total 415232K, used 27925K [0x00000000e0000000, 0x00000000ffe80000, 0x0000000100000000)
  eden space 318976K, 0% used [0x00000000e0000000,0x00000000e0000000,0x00000000f3780000)
  from space 96256K, 29% used [0x00000000f3780000,0x00000000f52c54b0,0x00000000f9580000)
  to   space 92160K, 0% used [0x00000000fa480000,0x00000000fa480000,0x00000000ffe80000)
 ParOldGen       total 594432K, used 512218K [0x00000000a0000000, 0x00000000c4480000, 0x00000000e0000000)
  object space 594432K, 86% used [0x00000000a0000000,0x00000000bf436b68,0x00000000c4480000)
 Metaspace       used 227721K, capacity 241304K, committed 241868K, reserved 1261568K
  class space    used 27852K, capacity 30268K, committed 30720K, reserved 1048576K
}
Event: 24819.984 GC heap before
{Heap before GC invocations=337 (full 19):
 PSYoungGen      total 415232K, used 346901K [0x00000000e0000000, 0x00000000ffe80000, 0x0000000100000000)
  eden space 318976K, 100% used [0x00000000e0000000,0x00000000f3780000,0x00000000f3780000)
  from space 96256K, 29% used [0x00000000f3780000,0x00000000f52c54b0,0x00000000f9580000)
  to   space 92160K, 0% used [0x00000000fa480000,0x00000000fa480000,0x00000000ffe80000)
 ParOldGen       total 594432K, used 512221K [0x00000000a0000000, 0x00000000c4480000, 0x00000000e0000000)
  object space 594432K, 86% used [0x00000000a0000000,0x00000000bf437768,0x00000000c4480000)
 Metaspace       used 227727K, capacity 241304K, committed 241868K, reserved 1261568K
  class space    used 27852K, capacity 30268K, committed 30720K, reserved 1048576K
Event: 24820.128 GC heap after
Heap after GC invocations=337 (full 19):
 PSYoungGen      total 421376K, used 17864K [0x00000000e0000000, 0x00000000ff800000, 0x0000000100000000)
  eden space 335872K, 0% used [0x00000000e0000000,0x00000000e0000000,0x00000000f4800000)
  from space 85504K, 20% used [0x00000000fa480000,0x00000000fb5f2380,0x00000000ff800000)
  to   space 90112K, 0% used [0x00000000f4800000,0x00000000f4800000,0x00000000fa000000)
 ParOldGen       total 594432K, used 536381K [0x00000000a0000000, 0x00000000c4480000, 0x00000000e0000000)
  object space 594432K, 90% used [0x00000000a0000000,0x00000000c0bcf430,0x00000000c4480000)
 Metaspace       used 227727K, capacity 241304K, committed 241868K, reserved 1261568K
  class space    used 27852K, capacity 30268K, committed 30720K, reserved 1048576K
}
Event: 24820.128 GC heap before
{Heap before GC invocations=338 (full 20):
 PSYoungGen      total 421376K, used 17864K [0x00000000e0000000, 0x00000000ff800000, 0x0000000100000000)
  eden space 335872K, 0% used [0x00000000e0000000,0x00000000e0000000,0x00000000f4800000)
  from space 85504K, 20% used [0x00000000fa480000,0x00000000fb5f2380,0x00000000ff800000)
  to   space 90112K, 0% used [0x00000000f4800000,0x00000000f4800000,0x00000000fa000000)
 ParOldGen       total 594432K, used 536381K [0x00000000a0000000, 0x00000000c4480000, 0x00000000e0000000)
  object space 594432K, 90% used [0x00000000a0000000,0x00000000c0bcf430,0x00000000c4480000)
 Metaspace       used 227727K, capacity 241304K, committed 241868K, reserved 1261568K
  class space    used 27852K, capacity 30268K, committed 30720K, reserved 1048576K

