# JRE version: OpenJDK Runtime Environment (8.0_202) (build 1.8.0_202-release-1483-b49-5587405)
# Java VM: OpenJDK 64-Bit Server VM (25.202-b49-5587405 mixed mode linux-amd64 compressed oops)
Heap:
 PSYoungGen      total 399360K, used 0K [0x00000000e0000000, 0x0000000100000000, 0x0000000100000000)
  eden space 268288K, 0% used [0x00000000e0000000,0x00000000e0000000,0x00000000f0600000)
  from space 131072K, 0% used [0x00000000f8000000,0x00000000f8000000,0x0000000100000000)
  to   space 124928K, 0% used [0x00000000f0600000,0x00000000f0600000,0x00000000f8000000)
 ParOldGen       total 534528K, used 212912K [0x00000000a0000000, 0x00000000c0a00000, 0x00000000e0000000)
  object space 534528K, 39% used [0x00000000a0000000,0x00000000acfec038,0x00000000c0a00000)
 Metaspace       used 113257K, capacity 121910K, committed 123648K, reserved 1157120K
  class space    used 13893K, capacity 15364K, committed 15616K, reserved 1048576K
GC Heap History (10 events):
Event: 18198.027 GC heap after
Heap after GC invocations=338 (full 22):
 PSYoungGen      total 378368K, used 20818K [0x00000000e0000000, 0x0000000100000000, 0x0000000100000000)
  eden space 281600K, 0% used [0x00000000e0000000,0x00000000e0000000,0x00000000f1300000)
  from space 96768K, 21% used [0x00000000fa180000,0x00000000fb5d4840,0x0000000100000000)
  to   space 121344K, 0% used [0x00000000f1300000,0x00000000f1300000,0x00000000f8980000)
 ParOldGen       total 534528K, used 408383K [0x00000000a0000000, 0x00000000c0a00000, 0x00000000e0000000)
  object space 534528K, 76% used [0x00000000a0000000,0x00000000b8ecfd08,0x00000000c0a00000)
 Metaspace       used 113205K, capacity 121822K, committed 123648K, reserved 1157120K
  class space    used 13890K, capacity 15360K, committed 15616K, reserved 1048576K
}
Event: 18216.847 GC heap before
{Heap before GC invocations=339 (full 22):
 PSYoungGen      total 378368K, used 302418K [0x00000000e0000000, 0x0000000100000000, 0x0000000100000000)
  eden space 281600K, 100% used [0x00000000e0000000,0x00000000f1300000,0x00000000f1300000)
  from space 96768K, 21% used [0x00000000fa180000,0x00000000fb5d4840,0x0000000100000000)
  to   space 121344K, 0% used [0x00000000f1300000,0x00000000f1300000,0x00000000f8980000)
 ParOldGen       total 534528K, used 408383K [0x00000000a0000000, 0x00000000c0a00000, 0x00000000e0000000)
  object space 534528K, 76% used [0x00000000a0000000,0x00000000b8ecfd08,0x00000000c0a00000)
 Metaspace       used 113241K, capacity 121828K, committed 123648K, reserved 1157120K
  class space    used 13891K, capacity 15361K, committed 15616K, reserved 1048576K
Event: 18216.870 GC heap after
Heap after GC invocations=339 (full 22):
 PSYoungGen      total 402944K, used 12096K [0x00000000e0000000, 0x0000000100000000, 0x0000000100000000)
  eden space 281600K, 0% used [0x00000000e0000000,0x00000000e0000000,0x00000000f1300000)
  from space 121344K, 9% used [0x00000000f1300000,0x00000000f1ed0000,0x00000000f8980000)
  to   space 117248K, 0% used [0x00000000f8d80000,0x00000000f8d80000,0x0000000100000000)
 ParOldGen       total 534528K, used 410544K [0x00000000a0000000, 0x00000000c0a00000, 0x00000000e0000000)
  object space 534528K, 76% used [0x00000000a0000000,0x00000000b90ec128,0x00000000c0a00000)
 Metaspace       used 113241K, capacity 121828K, committed 123648K, reserved 1157120K
  class space    used 13891K, capacity 15361K, committed 15616K, reserved 1048576K
}
Event: 18220.775 GC heap before
{Heap before GC invocations=340 (full 22):
 PSYoungGen      total 402944K, used 293696K [0x00000000e0000000, 0x0000000100000000, 0x0000000100000000)
  eden space 281600K, 100% used [0x00000000e0000000,0x00000000f1300000,0x00000000f1300000)
  from space 121344K, 9% used [0x00000000f1300000,0x00000000f1ed0000,0x00000000f8980000)
  to   space 117248K, 0% used [0x00000000f8d80000,0x00000000f8d80000,0x0000000100000000)
 ParOldGen       total 534528K, used 410544K [0x00000000a0000000, 0x00000000c0a00000, 0x00000000e0000000)
  object space 534528K, 76% used [0x00000000a0000000,0x00000000b90ec128,0x00000000c0a00000)
 Metaspace       used 113255K, capacity 121910K, committed 123648K, reserved 1157120K
  class space    used 13893K, capacity 15364K, committed 15616K, reserved 1048576K
Event: 18220.810 GC heap after
Heap after GC invocations=340 (full 22):
 PSYoungGen      total 391680K, used 6936K [0x00000000e0000000, 0x00000000ff500000, 0x0000000100000000)
  eden space 285696K, 0% used [0x00000000e0000000,0x00000000e0000000,0x00000000f1700000)
  from space 105984K, 6% used [0x00000000f8d80000,0x00000000f9446230,0x00000000ff500000)
  to   space 113664K, 0% used [0x00000000f1700000,0x00000000f1700000,0x00000000f8600000)
 ParOldGen       total 534528K, used 415765K [0x00000000a0000000, 0x00000000c0a00000, 0x00000000e0000000)
  object space 534528K, 77% used [0x00000000a0000000,0x00000000b96055a8,0x00000000c0a00000)
 Metaspace       used 113255K, capacity 121910K, committed 123648K, reserved 1157120K
  class space    used 13893K, capacity 15364K, committed 15616K, reserved 1048576K
}
Event: 18221.343 GC heap before
{Heap before GC invocations=341 (full 22):
 PSYoungGen      total 391680K, used 292632K [0x00000000e0000000, 0x00000000ff500000, 0x0000000100000000)
  eden space 285696K, 100% used [0x00000000e0000000,0x00000000f1700000,0x00000000f1700000)
  from space 105984K, 6% used [0x00000000f8d80000,0x00000000f9446230,0x00000000ff500000)
  to   space 113664K, 0% used [0x00000000f1700000,0x00000000f1700000,0x00000000f8600000)
 ParOldGen       total 534528K, used 415765K [0x00000000a0000000, 0x00000000c0a00000, 0x00000000e0000000)
  object space 534528K, 77% used [0x00000000a0000000,0x00000000b96055a8,0x00000000c0a00000)
 Metaspace       used 113255K, capacity 121910K, committed 123648K, reserved 1157120K
  class space    used 13893K, capacity 15364K, committed 15616K, reserved 1048576K
Event: 18221.471 GC heap after
Heap after GC invocations=341 (full 22):
 PSYoungGen      total 386560K, used 100521K [0x00000000e0000000, 0x0000000100000000, 0x0000000100000000)
  eden space 285696K, 0% used [0x00000000e0000000,0x00000000e0000000,0x00000000f1700000)
  from space 100864K, 99% used [0x00000000f1700000,0x00000000f792a7a8,0x00000000f7980000)
  to   space 131072K, 0% used [0x00000000f8000000,0x00000000f8000000,0x0000000100000000)
 ParOldGen       total 534528K, used 422158K [0x00000000a0000000, 0x00000000c0a00000, 0x00000000e0000000)
  object space 534528K, 78% used [0x00000000a0000000,0x00000000b9c43930,0x00000000c0a00000)
 Metaspace       used 113255K, capacity 121910K, committed 123648K, reserved 1157120K
  class space    used 13893K, capacity 15364K, committed 15616K, reserved 1048576K
}
Event: 18221.802 GC heap before
{Heap before GC invocations=342 (full 22):
 PSYoungGen      total 386560K, used 386217K [0x00000000e0000000, 0x0000000100000000, 0x0000000100000000)
  eden space 285696K, 100% used [0x00000000e0000000,0x00000000f1700000,0x00000000f1700000)
  from space 100864K, 99% used [0x00000000f1700000,0x00000000f792a7a8,0x00000000f7980000)
  to   space 131072K, 0% used [0x00000000f8000000,0x00000000f8000000,0x0000000100000000)
 ParOldGen       total 534528K, used 422158K [0x00000000a0000000, 0x00000000c0a00000, 0x00000000e0000000)
  object space 534528K, 78% used [0x00000000a0000000,0x00000000b9c43930,0x00000000c0a00000)
 Metaspace       used 113257K, capacity 121910K, committed 123648K, reserved 1157120K
  class space    used 13893K, capacity 15364K, committed 15616K, reserved 1048576K
Event: 18221.984 GC heap after
Heap after GC invocations=342 (full 22):
 PSYoungGen      total 399360K, used 47175K [0x00000000e0000000, 0x0000000100000000, 0x0000000100000000)
  eden space 268288K, 0% used [0x00000000e0000000,0x00000000e0000000,0x00000000f0600000)
  from space 131072K, 35% used [0x00000000f8000000,0x00000000fae11f18,0x0000000100000000)
  to   space 124928K, 0% used [0x00000000f0600000,0x00000000f0600000,0x00000000f8000000)
 ParOldGen       total 534528K, used 498395K [0x00000000a0000000, 0x00000000c0a00000, 0x00000000e0000000)
  object space 534528K, 93% used [0x00000000a0000000,0x00000000be6b6cf0,0x00000000c0a00000)
 Metaspace       used 113257K, capacity 121910K, committed 123648K, reserved 1157120K
  class space    used 13893K, capacity 15364K, committed 15616K, reserved 1048576K
}
Event: 18221.984 GC heap before
{Heap before GC invocations=343 (full 23):
 PSYoungGen      total 399360K, used 47175K [0x00000000e0000000, 0x0000000100000000, 0x0000000100000000)
  eden space 268288K, 0% used [0x00000000e0000000,0x00000000e0000000,0x00000000f0600000)
  from space 131072K, 35% used [0x00000000f8000000,0x00000000fae11f18,0x0000000100000000)
  to   space 124928K, 0% used [0x00000000f0600000,0x00000000f0600000,0x00000000f8000000)
 ParOldGen       total 534528K, used 498395K [0x00000000a0000000, 0x00000000c0a00000, 0x00000000e0000000)
  object space 534528K, 93% used [0x00000000a0000000,0x00000000be6b6cf0,0x00000000c0a00000)
 Metaspace       used 113257K, capacity 121910K, committed 123648K, reserved 1157120K
  class space    used 13893K, capacity 15364K, committed 15616K, reserved 1048576K

