# JRE version: OpenJDK Runtime Environment (8.0_202) (build 1.8.0_202-release-1483-b49-5587405)
# Java VM: OpenJDK 64-Bit Server VM (25.202-b49-5587405 mixed mode linux-amd64 compressed oops)
Heap:
 PSYoungGen      total 355840K, used 0K [0x00000000e0000000, 0x0000000100000000, 0x0000000100000000)
  eden space 293888K, 0% used [0x00000000e0000000,0x00000000e0000000,0x00000000f1f00000)
  from space 61952K, 0% used [0x00000000f1f00000,0x00000000f1f00000,0x00000000f5b80000)
  to   space 116224K, 0% used [0x00000000f8e80000,0x00000000f8e80000,0x0000000100000000)
 ParOldGen       total 521216K, used 313800K [0x00000000a0000000, 0x00000000bfd00000, 0x00000000e0000000)
  object space 521216K, 60% used [0x00000000a0000000,0x00000000b3272238,0x00000000bfd00000)
 Metaspace       used 117399K, capacity 126077K, committed 127704K, reserved 1161216K
  class space    used 14379K, capacity 15868K, committed 16128K, reserved 1048576K
GC Heap History (10 events):
Event: 29097.656 GC heap after
Heap after GC invocations=237 (full 20):
 PSYoungGen      total 424448K, used 20092K [0x00000000e0000000, 0x00000000ff680000, 0x0000000100000000)
  eden space 328704K, 0% used [0x00000000e0000000,0x00000000e0000000,0x00000000f4100000)
  from space 95744K, 20% used [0x00000000f4100000,0x00000000f549f0d8,0x00000000f9e80000)
  to   space 90112K, 0% used [0x00000000f9e80000,0x00000000f9e80000,0x00000000ff680000)
 ParOldGen       total 521216K, used 292249K [0x00000000a0000000, 0x00000000bfd00000, 0x00000000e0000000)
  object space 521216K, 56% used [0x00000000a0000000,0x00000000b1d667d0,0x00000000bfd00000)
 Metaspace       used 117521K, capacity 126249K, committed 127704K, reserved 1161216K
  class space    used 14393K, capacity 15909K, committed 16128K, reserved 1048576K
}
Event: 29098.022 GC heap before
{Heap before GC invocations=238 (full 20):
 PSYoungGen      total 424448K, used 348796K [0x00000000e0000000, 0x00000000ff680000, 0x0000000100000000)
  eden space 328704K, 100% used [0x00000000e0000000,0x00000000f4100000,0x00000000f4100000)
  from space 95744K, 20% used [0x00000000f4100000,0x00000000f549f0d8,0x00000000f9e80000)
  to   space 90112K, 0% used [0x00000000f9e80000,0x00000000f9e80000,0x00000000ff680000)
 ParOldGen       total 521216K, used 292249K [0x00000000a0000000, 0x00000000bfd00000, 0x00000000e0000000)
  object space 521216K, 56% used [0x00000000a0000000,0x00000000b1d667d0,0x00000000bfd00000)
 Metaspace       used 117523K, capacity 126249K, committed 127704K, reserved 1161216K
  class space    used 14393K, capacity 15909K, committed 16128K, reserved 1048576K
Event: 29098.054 GC heap after
Heap after GC invocations=238 (full 20):
 PSYoungGen      total 421376K, used 28372K [0x00000000e0000000, 0x00000000fef80000, 0x0000000100000000)
  eden space 338432K, 0% used [0x00000000e0000000,0x00000000e0000000,0x00000000f4a80000)
  from space 82944K, 34% used [0x00000000f9e80000,0x00000000fba351b8,0x00000000fef80000)
  to   space 84480K, 0% used [0x00000000f4a80000,0x00000000f4a80000,0x00000000f9d00000)
 ParOldGen       total 521216K, used 310751K [0x00000000a0000000, 0x00000000bfd00000, 0x00000000e0000000)
  object space 521216K, 59% used [0x00000000a0000000,0x00000000b2f77d38,0x00000000bfd00000)
 Metaspace       used 117523K, capacity 126249K, committed 127704K, reserved 1161216K
  class space    used 14393K, capacity 15909K, committed 16128K, reserved 1048576K
}
Event: 29098.396 GC heap before
{Heap before GC invocations=239 (full 20):
 PSYoungGen      total 421376K, used 366804K [0x00000000e0000000, 0x00000000fef80000, 0x0000000100000000)
  eden space 338432K, 100% used [0x00000000e0000000,0x00000000f4a80000,0x00000000f4a80000)
  from space 82944K, 34% used [0x00000000f9e80000,0x00000000fba351b8,0x00000000fef80000)
  to   space 84480K, 0% used [0x00000000f4a80000,0x00000000f4a80000,0x00000000f9d00000)
 ParOldGen       total 521216K, used 310751K [0x00000000a0000000, 0x00000000bfd00000, 0x00000000e0000000)
  object space 521216K, 59% used [0x00000000a0000000,0x00000000b2f77d38,0x00000000bfd00000)
 Metaspace       used 117523K, capacity 126249K, committed 127704K, reserved 1161216K
  class space    used 14393K, capacity 15909K, committed 16128K, reserved 1048576K
Event: 29098.442 GC heap after
Heap after GC invocations=239 (full 20):
 PSYoungGen      total 422912K, used 28243K [0x00000000e0000000, 0x00000000ff780000, 0x0000000100000000)
  eden space 338432K, 0% used [0x00000000e0000000,0x00000000e0000000,0x00000000f4a80000)
  from space 84480K, 33% used [0x00000000f4a80000,0x00000000f6614e60,0x00000000f9d00000)
  to   space 79360K, 0% used [0x00000000faa00000,0x00000000faa00000,0x00000000ff780000)
 ParOldGen       total 521216K, used 338368K [0x00000000a0000000, 0x00000000bfd00000, 0x00000000e0000000)
  object space 521216K, 64% used [0x00000000a0000000,0x00000000b4a70148,0x00000000bfd00000)
 Metaspace       used 117523K, capacity 126249K, committed 127704K, reserved 1161216K
  class space    used 14393K, capacity 15909K, committed 16128K, reserved 1048576K
}
Event: 29099.095 GC heap before
{Heap before GC invocations=240 (full 20):
 PSYoungGen      total 422912K, used 366675K [0x00000000e0000000, 0x00000000ff780000, 0x0000000100000000)
  eden space 338432K, 100% used [0x00000000e0000000,0x00000000f4a80000,0x00000000f4a80000)
  from space 84480K, 33% used [0x00000000f4a80000,0x00000000f6614e60,0x00000000f9d00000)
  to   space 79360K, 0% used [0x00000000faa00000,0x00000000faa00000,0x00000000ff780000)
 ParOldGen       total 521216K, used 338368K [0x00000000a0000000, 0x00000000bfd00000, 0x00000000e0000000)
  object space 521216K, 64% used [0x00000000a0000000,0x00000000b4a70148,0x00000000bfd00000)
 Metaspace       used 118238K, capacity 127001K, committed 127704K, reserved 1161216K
  class space    used 14458K, capacity 15981K, committed 16128K, reserved 1048576K
Event: 29099.237 GC heap after
Heap after GC invocations=240 (full 20):
 PSYoungGen      total 373248K, used 79359K [0x00000000e0000000, 0x0000000100000000, 0x0000000100000000)
  eden space 293888K, 0% used [0x00000000e0000000,0x00000000e0000000,0x00000000f1f00000)
  from space 79360K, 99% used [0x00000000faa00000,0x00000000ff77fe68,0x00000000ff780000)
  to   space 115200K, 0% used [0x00000000f1f00000,0x00000000f1f00000,0x00000000f8f80000)
 ParOldGen       total 521216K, used 396072K [0x00000000a0000000, 0x00000000bfd00000, 0x00000000e0000000)
  object space 521216K, 75% used [0x00000000a0000000,0x00000000b82ca298,0x00000000bfd00000)
 Metaspace       used 118238K, capacity 127001K, committed 127704K, reserved 1161216K
  class space    used 14458K, capacity 15981K, committed 16128K, reserved 1048576K
}
Event: 29099.821 GC heap before
{Heap before GC invocations=241 (full 20):
 PSYoungGen      total 373248K, used 373247K [0x00000000e0000000, 0x0000000100000000, 0x0000000100000000)
  eden space 293888K, 100% used [0x00000000e0000000,0x00000000f1f00000,0x00000000f1f00000)
  from space 79360K, 99% used [0x00000000faa00000,0x00000000ff77fe68,0x00000000ff780000)
  to   space 115200K, 0% used [0x00000000f1f00000,0x00000000f1f00000,0x00000000f8f80000)
 ParOldGen       total 521216K, used 396072K [0x00000000a0000000, 0x00000000bfd00000, 0x00000000e0000000)
  object space 521216K, 75% used [0x00000000a0000000,0x00000000b82ca298,0x00000000bfd00000)
 Metaspace       used 118244K, capacity 127007K, committed 127704K, reserved 1161216K
  class space    used 14459K, capacity 15982K, committed 16128K, reserved 1048576K
Event: 29100.017 GC heap after
Heap after GC invocations=241 (full 20):
 PSYoungGen      total 355840K, used 61698K [0x00000000e0000000, 0x0000000100000000, 0x0000000100000000)
  eden space 293888K, 0% used [0x00000000e0000000,0x00000000e0000000,0x00000000f1f00000)
  from space 61952K, 99% used [0x00000000f1f00000,0x00000000f5b40a18,0x00000000f5b80000)
  to   space 116224K, 0% used [0x00000000f8e80000,0x00000000f8e80000,0x0000000100000000)
 ParOldGen       total 521216K, used 456933K [0x00000000a0000000, 0x00000000bfd00000, 0x00000000e0000000)
  object space 521216K, 87% used [0x00000000a0000000,0x00000000bbe39750,0x00000000bfd00000)
 Metaspace       used 118244K, capacity 127007K, committed 127704K, reserved 1161216K
  class space    used 14459K, capacity 15982K, committed 16128K, reserved 1048576K
}
Event: 29100.017 GC heap before
{Heap before GC invocations=242 (full 21):
 PSYoungGen      total 355840K, used 61698K [0x00000000e0000000, 0x0000000100000000, 0x0000000100000000)
  eden space 293888K, 0% used [0x00000000e0000000,0x00000000e0000000,0x00000000f1f00000)
  from space 61952K, 99% used [0x00000000f1f00000,0x00000000f5b40a18,0x00000000f5b80000)
  to   space 116224K, 0% used [0x00000000f8e80000,0x00000000f8e80000,0x0000000100000000)
 ParOldGen       total 521216K, used 456933K [0x00000000a0000000, 0x00000000bfd00000, 0x00000000e0000000)
  object space 521216K, 87% used [0x00000000a0000000,0x00000000bbe39750,0x00000000bfd00000)
 Metaspace       used 118244K, capacity 127007K, committed 127704K, reserved 1161216K
  class space    used 14459K, capacity 15982K, committed 16128K, reserved 1048576K

