# JRE version: OpenJDK Runtime Environment (8.0_202) (build 1.8.0_202-release-1483-b49-5587405)
# Java VM: OpenJDK 64-Bit Server VM (25.202-b49-5587405 mixed mode linux-amd64 compressed oops)
Heap:
 PSYoungGen      total 208384K, used 27624K [0x00000000e0000000, 0x00000000ee880000, 0x0000000100000000)
  eden space 180736K, 0% used [0x00000000e0000000,0x00000000e0000000,0x00000000eb080000)
  from space 27648K, 99% used [0x00000000eb080000,0x00000000ecb7a238,0x00000000ecb80000)
  to   space 22528K, 0% used [0x00000000ecb80000,0x00000000ecb80000,0x00000000ee180000)
 ParOldGen       total 155136K, used 96536K [0x00000000a0000000, 0x00000000a9780000, 0x00000000e0000000)
  object space 155136K, 62% used [0x00000000a0000000,0x00000000a5e46308,0x00000000a9780000)
 Metaspace       used 73010K, capacity 75278K, committed 75416K, reserved 1114112K
  class space    used 9743K, capacity 10308K, committed 10408K, reserved 1048576K
GC Heap History (10 events):
Event: 8.081 GC heap after
Heap after GC invocations=11 (full 2):
 PSYoungGen      total 150528K, used 14305K [0x00000000e0000000, 0x00000000ec500000, 0x0000000100000000)
  eden space 136192K, 0% used [0x00000000e0000000,0x00000000e0000000,0x00000000e8500000)
  from space 14336K, 99% used [0x00000000e8500000,0x00000000e92f85b0,0x00000000e9300000)
  to   space 17408K, 0% used [0x00000000eb400000,0x00000000eb400000,0x00000000ec500000)
 ParOldGen       total 99840K, used 21568K [0x00000000a0000000, 0x00000000a6180000, 0x00000000e0000000)
  object space 99840K, 21% used [0x00000000a0000000,0x00000000a1510010,0x00000000a6180000)
 Metaspace       used 46870K, capacity 48018K, committed 48168K, reserved 1091584K
  class space    used 6298K, capacity 6606K, committed 6696K, reserved 1048576K
}
Event: 9.718 GC heap before
{Heap before GC invocations=12 (full 2):
 PSYoungGen      total 150528K, used 140205K [0x00000000e0000000, 0x00000000ec500000, 0x0000000100000000)
  eden space 136192K, 92% used [0x00000000e0000000,0x00000000e7af3190,0x00000000e8500000)
  from space 14336K, 99% used [0x00000000e8500000,0x00000000e92f85b0,0x00000000e9300000)
  to   space 17408K, 0% used [0x00000000eb400000,0x00000000eb400000,0x00000000ec500000)
 ParOldGen       total 99840K, used 21568K [0x00000000a0000000, 0x00000000a6180000, 0x00000000e0000000)
  object space 99840K, 21% used [0x00000000a0000000,0x00000000a1510010,0x00000000a6180000)
 Metaspace       used 57562K, capacity 59080K, committed 59160K, reserved 1099776K
  class space    used 7783K, capacity 8179K, committed 8232K, reserved 1048576K
Event: 9.766 GC heap after
Heap after GC invocations=12 (full 2):
 PSYoungGen      total 180224K, used 17406K [0x00000000e0000000, 0x00000000ed080000, 0x0000000100000000)
  eden space 162816K, 0% used [0x00000000e0000000,0x00000000e0000000,0x00000000e9f00000)
  from space 17408K, 99% used [0x00000000eb400000,0x00000000ec4ffa80,0x00000000ec500000)
  to   space 21504K, 0% used [0x00000000e9f00000,0x00000000e9f00000,0x00000000eb400000)
 ParOldGen       total 99840K, used 26174K [0x00000000a0000000, 0x00000000a6180000, 0x00000000e0000000)
  object space 99840K, 26% used [0x00000000a0000000,0x00000000a198f950,0x00000000a6180000)
 Metaspace       used 57562K, capacity 59080K, committed 59160K, reserved 1099776K
  class space    used 7783K, capacity 8179K, committed 8232K, reserved 1048576K
}
Event: 9.766 GC heap before
{Heap before GC invocations=13 (full 3):
 PSYoungGen      total 180224K, used 17406K [0x00000000e0000000, 0x00000000ed080000, 0x0000000100000000)
  eden space 162816K, 0% used [0x00000000e0000000,0x00000000e0000000,0x00000000e9f00000)
  from space 17408K, 99% used [0x00000000eb400000,0x00000000ec4ffa80,0x00000000ec500000)
  to   space 21504K, 0% used [0x00000000e9f00000,0x00000000e9f00000,0x00000000eb400000)
 ParOldGen       total 99840K, used 26174K [0x00000000a0000000, 0x00000000a6180000, 0x00000000e0000000)
  object space 99840K, 26% used [0x00000000a0000000,0x00000000a198f950,0x00000000a6180000)
 Metaspace       used 57562K, capacity 59080K, committed 59160K, reserved 1099776K
  class space    used 7783K, capacity 8179K, committed 8232K, reserved 1048576K
Event: 10.214 GC heap after
Heap after GC invocations=13 (full 3):
 PSYoungGen      total 180224K, used 0K [0x00000000e0000000, 0x00000000ed080000, 0x0000000100000000)
  eden space 162816K, 0% used [0x00000000e0000000,0x00000000e0000000,0x00000000e9f00000)
  from space 17408K, 0% used [0x00000000eb400000,0x00000000eb400000,0x00000000ec500000)
  to   space 21504K, 0% used [0x00000000e9f00000,0x00000000e9f00000,0x00000000eb400000)
 ParOldGen       total 155136K, used 38331K [0x00000000a0000000, 0x00000000a9780000, 0x00000000e0000000)
  object space 155136K, 24% used [0x00000000a0000000,0x00000000a256ec58,0x00000000a9780000)
 Metaspace       used 57562K, capacity 59080K, committed 59160K, reserved 1099776K
  class space    used 7783K, capacity 8179K, committed 8232K, reserved 1048576K
}
Event: 12.820 GC heap before
{Heap before GC invocations=14 (full 3):
 PSYoungGen      total 180224K, used 162816K [0x00000000e0000000, 0x00000000ed080000, 0x0000000100000000)
  eden space 162816K, 100% used [0x00000000e0000000,0x00000000e9f00000,0x00000000e9f00000)
  from space 17408K, 0% used [0x00000000eb400000,0x00000000eb400000,0x00000000ec500000)
  to   space 21504K, 0% used [0x00000000e9f00000,0x00000000e9f00000,0x00000000eb400000)
 ParOldGen       total 155136K, used 38331K [0x00000000a0000000, 0x00000000a9780000, 0x00000000e0000000)
  object space 155136K, 24% used [0x00000000a0000000,0x00000000a256ec58,0x00000000a9780000)
 Metaspace       used 61878K, capacity 63782K, committed 63896K, reserved 1103872K
  class space    used 8357K, capacity 8798K, committed 8872K, reserved 1048576K
Event: 12.847 GC heap after
Heap after GC invocations=14 (full 3):
 PSYoungGen      total 184320K, used 16954K [0x00000000e0000000, 0x00000000ee180000, 0x0000000100000000)
  eden space 162816K, 0% used [0x00000000e0000000,0x00000000e0000000,0x00000000e9f00000)
  from space 21504K, 78% used [0x00000000e9f00000,0x00000000eaf8e9c8,0x00000000eb400000)
  to   space 22528K, 0% used [0x00000000ecb80000,0x00000000ecb80000,0x00000000ee180000)
 ParOldGen       total 155136K, used 38339K [0x00000000a0000000, 0x00000000a9780000, 0x00000000e0000000)
  object space 155136K, 24% used [0x00000000a0000000,0x00000000a2570c58,0x00000000a9780000)
 Metaspace       used 61878K, capacity 63782K, committed 63896K, reserved 1103872K
  class space    used 8357K, capacity 8798K, committed 8872K, reserved 1048576K
}
Event: 20.598 GC heap before
{Heap before GC invocations=15 (full 3):
 PSYoungGen      total 184320K, used 179770K [0x00000000e0000000, 0x00000000ee180000, 0x0000000100000000)
  eden space 162816K, 100% used [0x00000000e0000000,0x00000000e9f00000,0x00000000e9f00000)
  from space 21504K, 78% used [0x00000000e9f00000,0x00000000eaf8e9c8,0x00000000eb400000)
  to   space 22528K, 0% used [0x00000000ecb80000,0x00000000ecb80000,0x00000000ee180000)
 ParOldGen       total 155136K, used 38339K [0x00000000a0000000, 0x00000000a9780000, 0x00000000e0000000)
  object space 155136K, 24% used [0x00000000a0000000,0x00000000a2570c58,0x00000000a9780000)
 Metaspace       used 67140K, capacity 69326K, committed 69528K, reserved 1110016K
  class space    used 9091K, capacity 9621K, committed 9640K, reserved 1048576K
Event: 20.649 GC heap after
Heap after GC invocations=15 (full 3):
 PSYoungGen      total 203264K, used 22497K [0x00000000e0000000, 0x00000000ee880000, 0x0000000100000000)
  eden space 180736K, 0% used [0x00000000e0000000,0x00000000e0000000,0x00000000eb080000)
  from space 22528K, 99% used [0x00000000ecb80000,0x00000000ee178530,0x00000000ee180000)
  to   space 27648K, 0% used [0x00000000eb080000,0x00000000eb080000,0x00000000ecb80000)
 ParOldGen       total 155136K, used 42885K [0x00000000a0000000, 0x00000000a9780000, 0x00000000e0000000)
  object space 155136K, 27% used [0x00000000a0000000,0x00000000a29e16e0,0x00000000a9780000)
 Metaspace       used 67140K, capacity 69326K, committed 69528K, reserved 1110016K
  class space    used 9091K, capacity 9621K, committed 9640K, reserved 1048576K
}
Event: 26.615 GC heap before
{Heap before GC invocations=16 (full 3):
 PSYoungGen      total 203264K, used 203233K [0x00000000e0000000, 0x00000000ee880000, 0x0000000100000000)
  eden space 180736K, 100% used [0x00000000e0000000,0x00000000eb080000,0x00000000eb080000)
  from space 22528K, 99% used [0x00000000ecb80000,0x00000000ee178530,0x00000000ee180000)
  to   space 27648K, 0% used [0x00000000eb080000,0x00000000eb080000,0x00000000ecb80000)
 ParOldGen       total 155136K, used 42885K [0x00000000a0000000, 0x00000000a9780000, 0x00000000e0000000)
  object space 155136K, 27% used [0x00000000a0000000,0x00000000a29e16e0,0x00000000a9780000)
 Metaspace       used 73010K, capacity 75278K, committed 75416K, reserved 1114112K
  class space    used 9743K, capacity 10308K, committed 10408K, reserved 1048576K

