# JRE version: OpenJDK Runtime Environment (8.0_202) (build 1.8.0_202-release-1483-b49-5587405)
# Java VM: OpenJDK 64-Bit Server VM (25.202-b49-5587405 mixed mode linux-amd64 compressed oops)
Heap:
 PSYoungGen      total 426496K, used 0K [0x00000000e0000000, 0x00000000ffd80000, 0x0000000100000000)
  eden space 328704K, 0% used [0x00000000e0000000,0x00000000e0000000,0x00000000f4100000)
  from space 97792K, 0% used [0x00000000f4100000,0x00000000f4100000,0x00000000fa080000)
  to   space 92672K, 0% used [0x00000000fa300000,0x00000000fa300000,0x00000000ffd80000)
 ParOldGen       total 564736K, used 333969K [0x00000000a0000000, 0x00000000c2780000, 0x00000000e0000000)
  object space 564736K, 59% used [0x00000000a0000000,0x00000000b4624670,0x00000000c2780000)
 Metaspace       used 198731K, capacity 211186K, committed 213912K, reserved 1234944K
  class space    used 24827K, capacity 27113K, committed 27560K, reserved 1048576K
GC Heap History (10 events):
Event: 11858.857 GC heap after
Heap after GC invocations=185 (full 14):
 PSYoungGen      total 430080K, used .49913K [0x00000000e0000000, 0x0000000100000000, 0x0000000100000000)
  eden space 349696K, 0% used [0x00000000e0000000,0x00000000e0000000,0x00000000f5580000)
  from space 80384K, 62% used [0x00000000f5580000,0x00000000f863e720,0x00000000fa400000)
  to   space 82432K, 0% used [0x00000000faf80000,0x00000000faf80000,0x0000000100000000)
 ParOldGen       total 564736K, used 394367K [0x00000000a0000000, 0x00000000c2780000, 0x00000000e0000000)
  object space 564736K, 69% used [0x00000000a0000000,0x00000000b811ff60,0x00000000c2780000)
 Metaspace       used 198387K, capacity 210690K, committed 212888K, reserved 1234944K
  class space    used 24744K, capacity 27037K, committed 27560K, reserved 1048576K
}
Event: 11860.218 GC heap before
{Heap before GC invocations=186 (full 14):
 PSYoungGen      total 430080K, used 399609K [0x00000000e0000000, 0x0000000100000000, 0x0000000100000000)
  eden space 349696K, 100% used [0x00000000e0000000,0x00000000f5580000,0x00000000f5580000)
  from space 80384K, 62% used [0x00000000f5580000,0x00000000f863e720,0x00000000fa400000)
  to   space 82432K, 0% used [0x00000000faf80000,0x00000000faf80000,0x0000000100000000)
 ParOldGen       total 564736K, used 394392K [0x00000000a0000000, 0x00000000c2780000, 0x00000000e0000000)
  object space 564736K, 69% used [0x00000000a0000000,0x00000000b8126288,0x00000000c2780000)
 Metaspace       used 199102K, capacity 211506K, committed 213400K, reserved 1234944K
  class space    used 24851K, capacity 27137K, committed 27560K, reserved 1048576K
Event: 11860.276 GC heap after
Heap after GC invocations=186 (full 14):
 PSYoungGen      total 434688K, used 57378K [0x00000000e0000000, 0x0000000100000000, 0x0000000100000000)
  eden space 352256K, 0% used [0x00000000e0000000,0x00000000e0000000,0x00000000f5800000)
  from space 82432K, 69% used [0x00000000faf80000,0x00000000fe788a80,0x0000000100000000)
  to   space 86016K, 0% used [0x00000000f5800000,0x00000000f5800000,0x00000000fac00000)
 ParOldGen       total 564736K, used 419418K [0x00000000a0000000, 0x00000000c2780000, 0x00000000e0000000)
  object space 564736K, 74% used [0x00000000a0000000,0x00000000b9996968,0x00000000c2780000)
 Metaspace       used 199102K, capacity 211506K, committed 213400K, reserved 1234944K
  class space    used 24851K, capacity 27137K, committed 27560K, reserved 1048576K
}
Event: 11861.173 GC heap before
{Heap before GC invocations=187 (full 14):
 PSYoungGen      total 434688K, used 409634K [0x00000000e0000000, 0x0000000100000000, 0x0000000100000000)
  eden space 352256K, 100% used [0x00000000e0000000,0x00000000f5800000,0x00000000f5800000)
  from space 82432K, 69% used [0x00000000faf80000,0x00000000fe788a80,0x0000000100000000)
  to   space 86016K, 0% used [0x00000000f5800000,0x00000000f5800000,0x00000000fac00000)
 ParOldGen       total 564736K, used 419421K [0x00000000a0000000, 0x00000000c2780000, 0x00000000e0000000)
  object space 564736K, 74% used [0x00000000a0000000,0x00000000b9997760,0x00000000c2780000)
 Metaspace       used 199336K, capacity 211788K, committed 213656K, reserved 1234944K
  class space    used 24894K, capacity 27214K, committed 27560K, reserved 1048576K
Event: 11861.399 GC heap after
Heap after GC invocations=187 (full 14):
 PSYoungGen      total 434176K, used 81489K [0x00000000e0000000, 0x0000000100000000, 0x0000000100000000)
  eden space 352256K, 0% used [0x00000000e0000000,0x00000000e0000000,0x00000000f5800000)
  from space 81920K, 99% used [0x00000000f5800000,0x00000000fa794428,0x00000000fa800000)
  to   space 90112K, 0% used [0x00000000fa800000,0x00000000fa800000,0x0000000100000000)
 ParOldGen       total 564736K, used 448137K [0x00000000a0000000, 0x00000000c2780000, 0x00000000e0000000)
  object space 564736K, 79% used [0x00000000a0000000,0x00000000bb5a2488,0x00000000c2780000)
 Metaspace       used 199336K, capacity 211788K, committed 213656K, reserved 1234944K
  class space    used 24894K, capacity 27214K, committed 27560K, reserved 1048576K
}
Event: 11862.060 GC heap before
{Heap before GC invocations=188 (full 14):
 PSYoungGen      total 434176K, used 433745K [0x00000000e0000000, 0x0000000100000000, 0x0000000100000000)
  eden space 352256K, 100% used [0x00000000e0000000,0x00000000f5800000,0x00000000f5800000)
  from space 81920K, 99% used [0x00000000f5800000,0x00000000fa794428,0x00000000fa800000)
  to   space 90112K, 0% used [0x00000000fa800000,0x00000000fa800000,0x0000000100000000)
 ParOldGen       total 564736K, used 448137K [0x00000000a0000000, 0x00000000c2780000, 0x00000000e0000000)
  object space 564736K, 79% used [0x00000000a0000000,0x00000000bb5a2488,0x00000000c2780000)
 Metaspace       used 199410K, capacity 211876K, committed 213656K, reserved 1234944K
  class space    used 24901K, capacity 27220K, committed 27560K, reserved 1048576K
Event: 11862.205 GC heap after
Heap after GC invocations=188 (full 14):
 PSYoungGen      total 418816K, used 55170K [0x00000000e0000000, 0x0000000100000000, 0x0000000100000000)
  eden space 328704K, 0% used [0x00000000e0000000,0x00000000e0000000,0x00000000f4100000)
  from space 90112K, 61% used [0x00000000fa800000,0x00000000fdde0ac8,0x0000000100000000)
  to   space 97792K, 0% used [0x00000000f4100000,0x00000000f4100000,0x00000000fa080000)
 ParOldGen       total 564736K, used 496023K [0x00000000a0000000, 0x00000000c2780000, 0x00000000e0000000)
  object space 564736K, 87% used [0x00000000a0000000,0x00000000be465d50,0x00000000c2780000)
 Metaspace       used 199410K, capacity 211876K, committed 213656K, reserved 1234944K
  class space    used 24901K, capacity 27220K, committed 27560K, reserved 1048576K
}
Event: 11862.973 GC heap before
{Heap before GC invocations=189 (full 14):
 PSYoungGen      total 418816K, used 383874K [0x00000000e0000000, 0x0000000100000000, 0x0000000100000000)
  eden space 328704K, 100% used [0x00000000e0000000,0x00000000f4100000,0x00000000f4100000)
  from space 90112K, 61% used [0x00000000fa800000,0x00000000fdde0ac8,0x0000000100000000)
  to   space 97792K, 0% used [0x00000000f4100000,0x00000000f4100000,0x00000000fa080000)
 ParOldGen       total 564736K, used 496023K [0x00000000a0000000, 0x00000000c2780000, 0x00000000e0000000)
  object space 564736K, 87% used [0x00000000a0000000,0x00000000be465d50,0x00000000c2780000)
 Metaspace       used 199521K, capacity 212028K, committed 213912K, reserved 1234944K
  class space    used 24905K, capacity 27224K, committed 27560K, reserved 1048576K
Event: 11863.094 GC heap after
Heap after GC invocations=189 (full 14):
 PSYoungGen      total 426496K, used 43840K [0x00000000e0000000, 0x00000000ffd80000, 0x0000000100000000)
  eden space 328704K, 0% used [0x00000000e0000000,0x00000000e0000000,0x00000000f4100000)
  from space 97792K, 44% used [0x00000000f4100000,0x00000000f6bd0090,0x00000000fa080000)
  to   space 92672K, 0% used [0x00000000fa300000,0x00000000fa300000,0x00000000ffd80000)
 ParOldGen       total 564736K, used 546595K [0x00000000a0000000, 0x00000000c2780000, 0x00000000e0000000)
  object space 564736K, 96% used [0x00000000a0000000,0x00000000c15c8fd0,0x00000000c2780000)
 Metaspace       used 199521K, capacity 212028K, committed 213912K, reserved 1234944K
  class space    used 24905K, capacity 27224K, committed 27560K, reserved 1048576K
}
Event: 11863.094 GC heap before
{Heap before GC invocations=190 (full 15):
 PSYoungGen      total 426496K, used 43840K [0x00000000e0000000, 0x00000000ffd80000, 0x0000000100000000)
  eden space 328704K, 0% used [0x00000000e0000000,0x00000000e0000000,0x00000000f4100000)
  from space 97792K, 44% used [0x00000000f4100000,0x00000000f6bd0090,0x00000000fa080000)
  to   space 92672K, 0% used [0x00000000fa300000,0x00000000fa300000,0x00000000ffd80000)
 ParOldGen       total 564736K, used 546595K [0x00000000a0000000, 0x00000000c2780000, 0x00000000e0000000)
  object space 564736K, 96% used [0x00000000a0000000,0x00000000c15c8fd0,0x00000000c2780000)
 Metaspace       used 199521K, capacity 212028K, committed 213912K, reserved 1234944K
  class space    used 24905K, capacity 27224K, committed 27560K, reserved 1048576K

